<testsuites id="" name="" tests="90" failures="88" skipped="0" errors="0" time="202.67711899999998">
<testsuite name="landing-page.spec.ts" timestamp="2025-07-25T05:12:41.585Z" hostname="chromium" tests="8" failures="7" skipped="0" time="32.156" errors="0">
<testcase name="Landing Page › should load the landing page successfully" classname="landing-page.spec.ts" time="1.877">
<failure message="landing-page.spec.ts:8:7 should load the landing page successfully" type="FAILURE">
<![CDATA[  [chromium] › landing-page.spec.ts:8:7 › Landing Page › should load the landing page successfully ─

    Error: expect.toBeVisible: Error: strict mode violation: getByText('Morning Buddy') resolved to 12 elements:
        1) <title>Morning Buddy Sun Logo</title> aka getByRole('link', { name: 'Morning Buddy - Go to homepage' })
        2) <h1 class="text-xl font-bold text-gray-900">Morning Buddy</h1> aka getByRole('link', { name: 'Morning Buddy - Go to homepage' })
        3) <h1 id="hero-heading" class="text-5xl md:text-6xl lg:text-7xl font-bold text-gray-900 leading-tight">…</h1> aka getByLabel('Morning Buddy', { exact: true }).getByRole('heading', { name: 'Morning Buddy' })
        4) <p class="sr-only" id="cta-description">Click to open the waiting list signup form and be…</p> aka getByText('Click to open the waiting')
        5) <p class="text-xl text-gray-600 max-w-2xl mx-auto">Everything you need to know about Morning Buddy a…</p> aka getByText('Everything you need to know')
        6) <h3 class="text-lg md:text-xl font-semibold text-gray-900 pr-4">What exactly is Morning Buddy?</h3> aka getByRole('button', { name: 'What exactly is Morning Buddy' })
        7) <h3 class="text-lg md:text-xl font-semibold text-gray-900 pr-4">When will Morning Buddy be available?</h3> aka getByRole('button', { name: 'When will Morning Buddy be' })
        8) <h3 class="text-lg md:text-xl font-semibold text-gray-900 pr-4">How much will Morning Buddy cost?</h3> aka getByRole('button', { name: 'How much will Morning Buddy' })
        9) <title>Morning Buddy Logo</title> aka getByText('Morning Buddy Logo')
        10) <span class="font-semibold text-gray-900">Morning Buddy</span> aka getByLabel('Site footer').getByText('Morning Buddy', { exact: true })
        ...

    Call log:
      - Expect "toBeVisible" with timeout 5000ms
      - waiting for getByText('Morning Buddy')


       8 |   test('should load the landing page successfully', async ({ page }) => {
       9 |     await expect(page).toHaveTitle(/Morning Buddy/);
    > 10 |     await expect(page.getByText('Morning Buddy')).toBeVisible();
         |                                                   ^
      11 |   });
      12 |
      13 |   test('should display hero section with correct content', async ({ page }) => {
        at /Users/businessboi/Library/Mobile Documents/com~apple~CloudDocs/BUSINESS/Morning Buddy/morning-buddy-landing/tests/e2e/landing-page.spec.ts:10:51

    attachment #1: screenshot (image/png) ──────────────────────────────────────────────────────────
    ../../test-results/landing-page-Landing-Page--f6990-e-landing-page-successfully-chromium/test-failed-1.png
    ────────────────────────────────────────────────────────────────────────────────────────────────

    attachment #2: video (video/webm) ──────────────────────────────────────────────────────────────
    ../../test-results/landing-page-Landing-Page--f6990-e-landing-page-successfully-chromium/video.webm
    ────────────────────────────────────────────────────────────────────────────────────────────────

    Error Context: ../../test-results/landing-page-Landing-Page--f6990-e-landing-page-successfully-chromium/error-context.md
]]>
</failure>
<system-out>
<![CDATA[
[[ATTACHMENT|landing-page-Landing-Page--f6990-e-landing-page-successfully-chromium/test-failed-1.png]]

[[ATTACHMENT|landing-page-Landing-Page--f6990-e-landing-page-successfully-chromium/video.webm]]

[[ATTACHMENT|landing-page-Landing-Page--f6990-e-landing-page-successfully-chromium/error-context.md]]
]]>
</system-out>
</testcase>
<testcase name="Landing Page › should display hero section with correct content" classname="landing-page.spec.ts" time="1.874">
<failure message="landing-page.spec.ts:13:7 should display hero section with correct content" type="FAILURE">
<![CDATA[  [chromium] › landing-page.spec.ts:13:7 › Landing Page › should display hero section with correct content 

    Error: expect.toBeVisible: Error: strict mode violation: getByRole('heading', { name: 'Morning Buddy' }) resolved to 5 elements:
        1) <h1 class="text-xl font-bold text-gray-900">Morning Buddy</h1> aka getByRole('link', { name: 'Morning Buddy - Go to homepage' })
        2) <h1 id="hero-heading" class="text-5xl md:text-6xl lg:text-7xl font-bold text-gray-900 leading-tight">…</h1> aka getByLabel('Morning Buddy', { exact: true }).getByRole('heading', { name: 'Morning Buddy' })
        3) <h3 class="text-lg md:text-xl font-semibold text-gray-900 pr-4">What exactly is Morning Buddy?</h3> aka getByRole('button', { name: 'What exactly is Morning Buddy' })
        4) <h3 class="text-lg md:text-xl font-semibold text-gray-900 pr-4">When will Morning Buddy be available?</h3> aka getByRole('button', { name: 'When will Morning Buddy be' })
        5) <h3 class="text-lg md:text-xl font-semibold text-gray-900 pr-4">How much will Morning Buddy cost?</h3> aka getByRole('button', { name: 'How much will Morning Buddy' })

    Call log:
      - Expect "toBeVisible" with timeout 5000ms
      - waiting for getByRole('heading', { name: 'Morning Buddy' })


      12 |
      13 |   test('should display hero section with correct content', async ({ page }) => {
    > 14 |     await expect(page.getByRole('heading', { name: 'Morning Buddy' })).toBeVisible();
         |                                                                        ^
      15 |     await expect(page.getByText(/Get a morning call from an AI buddy instead of a jarring alarm/)).toBeVisible();
      16 |     await expect(page.getByRole('button', { name: /join waiting list/i })).toBeVisible();
      17 |   });
        at /Users/businessboi/Library/Mobile Documents/com~apple~CloudDocs/BUSINESS/Morning Buddy/morning-buddy-landing/tests/e2e/landing-page.spec.ts:14:72

    attachment #1: screenshot (image/png) ──────────────────────────────────────────────────────────
    ../../test-results/landing-page-Landing-Page--94d1b-ection-with-correct-content-chromium/test-failed-1.png
    ────────────────────────────────────────────────────────────────────────────────────────────────

    attachment #2: video (video/webm) ──────────────────────────────────────────────────────────────
    ../../test-results/landing-page-Landing-Page--94d1b-ection-with-correct-content-chromium/video.webm
    ────────────────────────────────────────────────────────────────────────────────────────────────

    Error Context: ../../test-results/landing-page-Landing-Page--94d1b-ection-with-correct-content-chromium/error-context.md
]]>
</failure>
<system-out>
<![CDATA[
[[ATTACHMENT|landing-page-Landing-Page--94d1b-ection-with-correct-content-chromium/test-failed-1.png]]

[[ATTACHMENT|landing-page-Landing-Page--94d1b-ection-with-correct-content-chromium/video.webm]]

[[ATTACHMENT|landing-page-Landing-Page--94d1b-ection-with-correct-content-chromium/error-context.md]]
]]>
</system-out>
</testcase>
<testcase name="Landing Page › should display &quot;How It Works&quot; section" classname="landing-page.spec.ts" time="1.934">
<failure message="landing-page.spec.ts:19:7 should display &quot;How It Works&quot; section" type="FAILURE">
<![CDATA[  [chromium] › landing-page.spec.ts:19:7 › Landing Page › should display "How It Works" section ────

    Error: expect.toBeVisible: Error: strict mode violation: getByText('How It Works') resolved to 3 elements:
        1) <a href="#how-it-works" aria-label="Learn how Morning Buddy works" class="text-gray-600 hover:text-amber-600 transition-colors focus:outline-none focus:ring-2 focus:ring-amber-500 focus:ring-offset-2 rounded-md px-2 py-1">How it works</a> aka getByRole('link', { name: 'Learn how Morning Buddy works' })
        2) <h2 id="how-it-works-heading" class="text-4xl md:text-5xl font-bold text-gray-900 mb-4">…</h2> aka getByRole('heading', { name: 'How It Works' })
        3) <p class="text-xl text-gray-600 max-w-2xl mx-auto">Everything you need to know about Morning Buddy a…</p> aka getByText('Everything you need to know')

    Call log:
      - Expect "toBeVisible" with timeout 5000ms
      - waiting for getByText('How It Works')


      18 |
      19 |   test('should display "How It Works" section', async ({ page }) => {
    > 20 |     await expect(page.getByText('How It Works')).toBeVisible();
         |                                                  ^
      21 |     await expect(page.getByText('Build a Buddy')).toBeVisible();
      22 |     await expect(page.getByText('Set Schedule')).toBeVisible();
      23 |     await expect(page.getByText('Wake Up Happy')).toBeVisible();
        at /Users/businessboi/Library/Mobile Documents/com~apple~CloudDocs/BUSINESS/Morning Buddy/morning-buddy-landing/tests/e2e/landing-page.spec.ts:20:50

    attachment #1: screenshot (image/png) ──────────────────────────────────────────────────────────
    ../../test-results/landing-page-Landing-Page--5fb9b-isplay-How-It-Works-section-chromium/test-failed-1.png
    ────────────────────────────────────────────────────────────────────────────────────────────────

    attachment #2: video (video/webm) ──────────────────────────────────────────────────────────────
    ../../test-results/landing-page-Landing-Page--5fb9b-isplay-How-It-Works-section-chromium/video.webm
    ────────────────────────────────────────────────────────────────────────────────────────────────

    Error Context: ../../test-results/landing-page-Landing-Page--5fb9b-isplay-How-It-Works-section-chromium/error-context.md
]]>
</failure>
<system-out>
<![CDATA[
[[ATTACHMENT|landing-page-Landing-Page--5fb9b-isplay-How-It-Works-section-chromium/test-failed-1.png]]

[[ATTACHMENT|landing-page-Landing-Page--5fb9b-isplay-How-It-Works-section-chromium/video.webm]]

[[ATTACHMENT|landing-page-Landing-Page--5fb9b-isplay-How-It-Works-section-chromium/error-context.md]]
]]>
</system-out>
</testcase>
<testcase name="Landing Page › should display FAQ section" classname="landing-page.spec.ts" time="6.841">
<failure message="landing-page.spec.ts:26:7 should display FAQ section" type="FAILURE">
<![CDATA[  [chromium] › landing-page.spec.ts:26:7 › Landing Page › should display FAQ section ───────────────

    Error: Timed out 5000ms waiting for expect(locator).toBeVisible()

    Locator: getByText(/What is Morning Buddy/)
    Expected: visible
    Received: <element(s) not found>
    Call log:
      - Expect "toBeVisible" with timeout 5000ms
      - waiting for getByText(/What is Morning Buddy/)


      29 |     // Test FAQ interaction
      30 |     const firstQuestion = page.getByText(/What is Morning Buddy/);
    > 31 |     await expect(firstQuestion).toBeVisible();
         |                                 ^
      32 |     
      33 |     // Click to expand
      34 |     await firstQuestion.click();
        at /Users/businessboi/Library/Mobile Documents/com~apple~CloudDocs/BUSINESS/Morning Buddy/morning-buddy-landing/tests/e2e/landing-page.spec.ts:31:33

    attachment #1: screenshot (image/png) ──────────────────────────────────────────────────────────
    ../../test-results/landing-page-Landing-Page-should-display-FAQ-section-chromium/test-failed-1.png
    ────────────────────────────────────────────────────────────────────────────────────────────────

    attachment #2: video (video/webm) ──────────────────────────────────────────────────────────────
    ../../test-results/landing-page-Landing-Page-should-display-FAQ-section-chromium/video.webm
    ────────────────────────────────────────────────────────────────────────────────────────────────

    Error Context: ../../test-results/landing-page-Landing-Page-should-display-FAQ-section-chromium/error-context.md
]]>
</failure>
<system-out>
<![CDATA[
[[ATTACHMENT|landing-page-Landing-Page-should-display-FAQ-section-chromium/test-failed-1.png]]

[[ATTACHMENT|landing-page-Landing-Page-should-display-FAQ-section-chromium/video.webm]]

[[ATTACHMENT|landing-page-Landing-Page-should-display-FAQ-section-chromium/error-context.md]]
]]>
</system-out>
</testcase>
<testcase name="Landing Page › should display social proof section" classname="landing-page.spec.ts" time="11.784">
<failure message="landing-page.spec.ts:42:7 should display social proof section" type="FAILURE">
<![CDATA[  [chromium] › landing-page.spec.ts:42:7 › Landing Page › should display social proof section ──────

    Error: Timed out 10000ms waiting for expect(locator).toBeVisible()

    Locator: getByText(/early risers/)
    Expected: visible
    Received: <element(s) not found>
    Call log:
      - Expect "toBeVisible" with timeout 10000ms
      - waiting for getByText(/early risers/)


      42 |   test('should display social proof section', async ({ page }) => {
      43 |     // Wait for the counter to load
    > 44 |     await expect(page.getByText(/early risers/)).toBeVisible({ timeout: 10000 });
         |                                                  ^
      45 |   });
      46 |
      47 |   test('should have proper meta tags for SEO', async ({ page }) => {
        at /Users/businessboi/Library/Mobile Documents/com~apple~CloudDocs/BUSINESS/Morning Buddy/morning-buddy-landing/tests/e2e/landing-page.spec.ts:44:50

    attachment #1: screenshot (image/png) ──────────────────────────────────────────────────────────
    ../../test-results/landing-page-Landing-Page--4696a-isplay-social-proof-section-chromium/test-failed-1.png
    ────────────────────────────────────────────────────────────────────────────────────────────────

    attachment #2: video (video/webm) ──────────────────────────────────────────────────────────────
    ../../test-results/landing-page-Landing-Page--4696a-isplay-social-proof-section-chromium/video.webm
    ────────────────────────────────────────────────────────────────────────────────────────────────

    Error Context: ../../test-results/landing-page-Landing-Page--4696a-isplay-social-proof-section-chromium/error-context.md
]]>
</failure>
<system-out>
<![CDATA[
[[ATTACHMENT|landing-page-Landing-Page--4696a-isplay-social-proof-section-chromium/test-failed-1.png]]

[[ATTACHMENT|landing-page-Landing-Page--4696a-isplay-social-proof-section-chromium/video.webm]]

[[ATTACHMENT|landing-page-Landing-Page--4696a-isplay-social-proof-section-chromium/error-context.md]]
]]>
</system-out>
</testcase>
<testcase name="Landing Page › should have proper meta tags for SEO" classname="landing-page.spec.ts" time="0.951">
</testcase>
<testcase name="Landing Page › should be responsive on mobile" classname="landing-page.spec.ts" time="0.961">
<failure message="landing-page.spec.ts:58:7 should be responsive on mobile" type="FAILURE">
<![CDATA[  [chromium] › landing-page.spec.ts:58:7 › Landing Page › should be responsive on mobile ───────────

    Error: expect.toBeVisible: Error: strict mode violation: getByRole('heading', { name: 'Morning Buddy' }) resolved to 5 elements:
        1) <h1 class="text-xl font-bold text-gray-900">Morning Buddy</h1> aka getByRole('link', { name: 'Morning Buddy - Go to homepage' })
        2) <h1 id="hero-heading" class="text-5xl md:text-6xl lg:text-7xl font-bold text-gray-900 leading-tight">…</h1> aka getByLabel('Morning Buddy', { exact: true }).getByRole('heading', { name: 'Morning Buddy' })
        3) <h3 class="text-lg md:text-xl font-semibold text-gray-900 pr-4">What exactly is Morning Buddy?</h3> aka getByRole('button', { name: 'What exactly is Morning Buddy' })
        4) <h3 class="text-lg md:text-xl font-semibold text-gray-900 pr-4">When will Morning Buddy be available?</h3> aka getByRole('button', { name: 'When will Morning Buddy be' })
        5) <h3 class="text-lg md:text-xl font-semibold text-gray-900 pr-4">How much will Morning Buddy cost?</h3> aka getByRole('button', { name: 'How much will Morning Buddy' })

    Call log:
      - Expect "toBeVisible" with timeout 5000ms
      - waiting for getByRole('heading', { name: 'Morning Buddy' })


      59 |     await page.setViewportSize({ width: 375, height: 667 });
      60 |     
    > 61 |     await expect(page.getByRole('heading', { name: 'Morning Buddy' })).toBeVisible();
         |                                                                        ^
      62 |     await expect(page.getByRole('button', { name: /join waiting list/i })).toBeVisible();
      63 |   });
      64 |
        at /Users/businessboi/Library/Mobile Documents/com~apple~CloudDocs/BUSINESS/Morning Buddy/morning-buddy-landing/tests/e2e/landing-page.spec.ts:61:72

    attachment #1: screenshot (image/png) ──────────────────────────────────────────────────────────
    ../../test-results/landing-page-Landing-Page-should-be-responsive-on-mobile-chromium/test-failed-1.png
    ────────────────────────────────────────────────────────────────────────────────────────────────

    attachment #2: video (video/webm) ──────────────────────────────────────────────────────────────
    ../../test-results/landing-page-Landing-Page-should-be-responsive-on-mobile-chromium/video.webm
    ────────────────────────────────────────────────────────────────────────────────────────────────

    Error Context: ../../test-results/landing-page-Landing-Page-should-be-responsive-on-mobile-chromium/error-context.md
]]>
</failure>
<system-out>
<![CDATA[
[[ATTACHMENT|landing-page-Landing-Page-should-be-responsive-on-mobile-chromium/test-failed-1.png]]

[[ATTACHMENT|landing-page-Landing-Page-should-be-responsive-on-mobile-chromium/video.webm]]

[[ATTACHMENT|landing-page-Landing-Page-should-be-responsive-on-mobile-chromium/error-context.md]]
]]>
</system-out>
</testcase>
<testcase name="Landing Page › should have accessible navigation" classname="landing-page.spec.ts" time="5.934">
<failure message="landing-page.spec.ts:65:7 should have accessible navigation" type="FAILURE">
<![CDATA[  [chromium] › landing-page.spec.ts:65:7 › Landing Page › should have accessible navigation ────────

    Error: Timed out 5000ms waiting for expect(locator).toBeFocused()

    Locator: getByRole('button', { name: /join waiting list/i })
    Expected: focused
    Received: inactive
    Call log:
      - Expect "toBeFocused" with timeout 5000ms
      - waiting for getByRole('button', { name: /join waiting list/i })
        9 × locator resolved to <button data-slot="button" aria-disabled="false" aria-describedby="cta-description" class="inline-flex items-center justify-center gap-2 whitespace-nowrap disabled:pointer-events-none disabled:opacity-50 [&_svg]:pointer-events-none [&_svg:not([class*='size-'])]:size-4 shrink-0 [&_svg]:shrink-0 outline-none focus-visible:ring-2 focus-visible:ring-offset-2 focus-visible:ring-amber-500/50 h-12 rounded-md ease-out hover:scale-105 active:scale-95 transform-gpu will-change-transform focus:outline-none focus…>…</button>
          - unexpected value "inactive"


      66 |     // Test keyboard navigation
      67 |     await page.keyboard.press('Tab');
    > 68 |     await expect(page.getByRole('button', { name: /join waiting list/i })).toBeFocused();
         |                                                                            ^
      69 |     
      70 |     // Test that all interactive elements are keyboard accessible
      71 |     const buttons = page.getByRole('button');
        at /Users/businessboi/Library/Mobile Documents/com~apple~CloudDocs/BUSINESS/Morning Buddy/morning-buddy-landing/tests/e2e/landing-page.spec.ts:68:76

    attachment #1: screenshot (image/png) ──────────────────────────────────────────────────────────
    ../../test-results/landing-page-Landing-Page-should-have-accessible-navigation-chromium/test-failed-1.png
    ────────────────────────────────────────────────────────────────────────────────────────────────

    attachment #2: video (video/webm) ──────────────────────────────────────────────────────────────
    ../../test-results/landing-page-Landing-Page-should-have-accessible-navigation-chromium/video.webm
    ────────────────────────────────────────────────────────────────────────────────────────────────

    Error Context: ../../test-results/landing-page-Landing-Page-should-have-accessible-navigation-chromium/error-context.md
]]>
</failure>
<system-out>
<![CDATA[
[[ATTACHMENT|landing-page-Landing-Page-should-have-accessible-navigation-chromium/test-failed-1.png]]

[[ATTACHMENT|landing-page-Landing-Page-should-have-accessible-navigation-chromium/video.webm]]

[[ATTACHMENT|landing-page-Landing-Page-should-have-accessible-navigation-chromium/error-context.md]]
]]>
</system-out>
</testcase>
</testsuite>
<testsuite name="waitlist-signup.spec.ts" timestamp="2025-07-25T05:12:41.585Z" hostname="chromium" tests="10" failures="10" skipped="0" time="209.063" errors="0">
<testcase name="Waitlist Signup Flow › should open waitlist modal when join button is clicked" classname="waitlist-signup.spec.ts" time="7.009">
<failure message="waitlist-signup.spec.ts:41:7 should open waitlist modal when join button is clicked" type="FAILURE">
<![CDATA[  [chromium] › waitlist-signup.spec.ts:41:7 › Waitlist Signup Flow › should open waitlist modal when join button is clicked 

    Error: Timed out 5000ms waiting for expect(locator).toBeVisible()

    Locator: getByText('Join the Waiting List')
    Expected: visible
    Received: <element(s) not found>
    Call log:
      - Expect "toBeVisible" with timeout 5000ms
      - waiting for getByText('Join the Waiting List')


      42 |     await page.getByRole('button', { name: /join waiting list/i }).click();
      43 |     
    > 44 |     await expect(page.getByText('Join the Waiting List')).toBeVisible();
         |                                                           ^
      45 |     await expect(page.getByLabel(/name \(optional\)/i)).toBeVisible();
      46 |     await expect(page.getByLabel(/email address/i)).toBeVisible();
      47 |     await expect(page.getByLabel(/i agree to receive early-access emails/i)).toBeVisible();
        at /Users/businessboi/Library/Mobile Documents/com~apple~CloudDocs/BUSINESS/Morning Buddy/morning-buddy-landing/tests/e2e/waitlist-signup.spec.ts:44:59

    attachment #1: screenshot (image/png) ──────────────────────────────────────────────────────────
    ../../test-results/waitlist-signup-Waitlist-S-2ffe8-when-join-button-is-clicked-chromium/test-failed-1.png
    ────────────────────────────────────────────────────────────────────────────────────────────────

    attachment #2: video (video/webm) ──────────────────────────────────────────────────────────────
    ../../test-results/waitlist-signup-Waitlist-S-2ffe8-when-join-button-is-clicked-chromium/video.webm
    ────────────────────────────────────────────────────────────────────────────────────────────────

    Error Context: ../../test-results/waitlist-signup-Waitlist-S-2ffe8-when-join-button-is-clicked-chromium/error-context.md
]]>
</failure>
<system-out>
<![CDATA[
[[ATTACHMENT|waitlist-signup-Waitlist-S-2ffe8-when-join-button-is-clicked-chromium/test-failed-1.png]]

[[ATTACHMENT|waitlist-signup-Waitlist-S-2ffe8-when-join-button-is-clicked-chromium/video.webm]]

[[ATTACHMENT|waitlist-signup-Waitlist-S-2ffe8-when-join-button-is-clicked-chromium/error-context.md]]
]]>
</system-out>
</testcase>
<testcase name="Waitlist Signup Flow › should close modal when cancel button is clicked" classname="waitlist-signup.spec.ts" time="7.089">
<failure message="waitlist-signup.spec.ts:50:7 should close modal when cancel button is clicked" type="FAILURE">
<![CDATA[  [chromium] › waitlist-signup.spec.ts:50:7 › Waitlist Signup Flow › should close modal when cancel button is clicked 

    Error: Timed out 5000ms waiting for expect(locator).toBeVisible()

    Locator: getByText('Join the Waiting List')
    Expected: visible
    Received: <element(s) not found>
    Call log:
      - Expect "toBeVisible" with timeout 5000ms
      - waiting for getByText('Join the Waiting List')


      50 |   test('should close modal when cancel button is clicked', async ({ page }) => {
      51 |     await page.getByRole('button', { name: /join waiting list/i }).click();
    > 52 |     await expect(page.getByText('Join the Waiting List')).toBeVisible();
         |                                                           ^
      53 |     
      54 |     await page.getByText('Cancel').click();
      55 |     await expect(page.getByText('Join the Waiting List')).not.toBeVisible();
        at /Users/businessboi/Library/Mobile Documents/com~apple~CloudDocs/BUSINESS/Morning Buddy/morning-buddy-landing/tests/e2e/waitlist-signup.spec.ts:52:59

    attachment #1: screenshot (image/png) ──────────────────────────────────────────────────────────
    ../../test-results/waitlist-signup-Waitlist-S-8ac82-en-cancel-button-is-clicked-chromium/test-failed-1.png
    ────────────────────────────────────────────────────────────────────────────────────────────────

    attachment #2: video (video/webm) ──────────────────────────────────────────────────────────────
    ../../test-results/waitlist-signup-Waitlist-S-8ac82-en-cancel-button-is-clicked-chromium/video.webm
    ────────────────────────────────────────────────────────────────────────────────────────────────

    Error Context: ../../test-results/waitlist-signup-Waitlist-S-8ac82-en-cancel-button-is-clicked-chromium/error-context.md
]]>
</failure>
<system-out>
<![CDATA[
[[ATTACHMENT|waitlist-signup-Waitlist-S-8ac82-en-cancel-button-is-clicked-chromium/test-failed-1.png]]

[[ATTACHMENT|waitlist-signup-Waitlist-S-8ac82-en-cancel-button-is-clicked-chromium/video.webm]]

[[ATTACHMENT|waitlist-signup-Waitlist-S-8ac82-en-cancel-button-is-clicked-chromium/error-context.md]]
]]>
</system-out>
</testcase>
<testcase name="Waitlist Signup Flow › should close modal when escape key is pressed" classname="waitlist-signup.spec.ts" time="6.988">
<failure message="waitlist-signup.spec.ts:58:7 should close modal when escape key is pressed" type="FAILURE">
<![CDATA[  [chromium] › waitlist-signup.spec.ts:58:7 › Waitlist Signup Flow › should close modal when escape key is pressed 

    Error: Timed out 5000ms waiting for expect(locator).toBeVisible()

    Locator: getByText('Join the Waiting List')
    Expected: visible
    Received: <element(s) not found>
    Call log:
      - Expect "toBeVisible" with timeout 5000ms
      - waiting for getByText('Join the Waiting List')


      58 |   test('should close modal when escape key is pressed', async ({ page }) => {
      59 |     await page.getByRole('button', { name: /join waiting list/i }).click();
    > 60 |     await expect(page.getByText('Join the Waiting List')).toBeVisible();
         |                                                           ^
      61 |     
      62 |     await page.keyboard.press('Escape');
      63 |     await expect(page.getByText('Join the Waiting List')).not.toBeVisible();
        at /Users/businessboi/Library/Mobile Documents/com~apple~CloudDocs/BUSINESS/Morning Buddy/morning-buddy-landing/tests/e2e/waitlist-signup.spec.ts:60:59

    attachment #1: screenshot (image/png) ──────────────────────────────────────────────────────────
    ../../test-results/waitlist-signup-Waitlist-S-47d5b--when-escape-key-is-pressed-chromium/test-failed-1.png
    ────────────────────────────────────────────────────────────────────────────────────────────────

    attachment #2: video (video/webm) ──────────────────────────────────────────────────────────────
    ../../test-results/waitlist-signup-Waitlist-S-47d5b--when-escape-key-is-pressed-chromium/video.webm
    ────────────────────────────────────────────────────────────────────────────────────────────────

    Error Context: ../../test-results/waitlist-signup-Waitlist-S-47d5b--when-escape-key-is-pressed-chromium/error-context.md
]]>
</failure>
<system-out>
<![CDATA[
[[ATTACHMENT|waitlist-signup-Waitlist-S-47d5b--when-escape-key-is-pressed-chromium/test-failed-1.png]]

[[ATTACHMENT|waitlist-signup-Waitlist-S-47d5b--when-escape-key-is-pressed-chromium/video.webm]]

[[ATTACHMENT|waitlist-signup-Waitlist-S-47d5b--when-escape-key-is-pressed-chromium/error-context.md]]
]]>
</system-out>
</testcase>
<testcase name="Waitlist Signup Flow › should validate required fields" classname="waitlist-signup.spec.ts" time="30.151">
<failure message="waitlist-signup.spec.ts:66:7 should validate required fields" type="FAILURE">
<![CDATA[  [chromium] › waitlist-signup.spec.ts:66:7 › Waitlist Signup Flow › should validate required fields 

    Test timeout of 30000ms exceeded.

    Error: locator.click: Test timeout of 30000ms exceeded.
    Call log:
      - waiting for getByRole('button', { name: /join waiting list/i }).nth(1)


      68 |     
      69 |     // Try to submit without filling required fields
    > 70 |     await page.getByRole('button', { name: /join waiting list/i }).nth(1).click();
         |                                                                           ^
      71 |     
      72 |     await expect(page.getByText(/email is required/i)).toBeVisible();
      73 |     await expect(page.getByText(/gdpr consent is required/i)).toBeVisible();
        at /Users/businessboi/Library/Mobile Documents/com~apple~CloudDocs/BUSINESS/Morning Buddy/morning-buddy-landing/tests/e2e/waitlist-signup.spec.ts:70:75

    attachment #1: screenshot (image/png) ──────────────────────────────────────────────────────────
    ../../test-results/waitlist-signup-Waitlist-S-3f608-ld-validate-required-fields-chromium/test-failed-1.png
    ────────────────────────────────────────────────────────────────────────────────────────────────

    attachment #2: video (video/webm) ──────────────────────────────────────────────────────────────
    ../../test-results/waitlist-signup-Waitlist-S-3f608-ld-validate-required-fields-chromium/video.webm
    ────────────────────────────────────────────────────────────────────────────────────────────────

    Error Context: ../../test-results/waitlist-signup-Waitlist-S-3f608-ld-validate-required-fields-chromium/error-context.md
]]>
</failure>
<system-out>
<![CDATA[
[[ATTACHMENT|waitlist-signup-Waitlist-S-3f608-ld-validate-required-fields-chromium/test-failed-1.png]]

[[ATTACHMENT|waitlist-signup-Waitlist-S-3f608-ld-validate-required-fields-chromium/video.webm]]

[[ATTACHMENT|waitlist-signup-Waitlist-S-3f608-ld-validate-required-fields-chromium/error-context.md]]
]]>
</system-out>
</testcase>
<testcase name="Waitlist Signup Flow › should validate email format" classname="waitlist-signup.spec.ts" time="30.152">
<failure message="waitlist-signup.spec.ts:76:7 should validate email format" type="FAILURE">
<![CDATA[  [chromium] › waitlist-signup.spec.ts:76:7 › Waitlist Signup Flow › should validate email format ──

    Test timeout of 30000ms exceeded.

    Error: locator.click: Test timeout of 30000ms exceeded.
    Call log:
      - waiting for getByRole('button', { name: /join waiting list/i }).nth(1)


      79 |     await page.getByLabel(/email address/i).fill('invalid-email');
      80 |     await page.getByLabel(/i agree to receive early-access emails/i).check();
    > 81 |     await page.getByRole('button', { name: /join waiting list/i }).nth(1).click();
         |                                                                           ^
      82 |     
      83 |     await expect(page.getByText(/invalid email address/i)).toBeVisible();
      84 |   });
        at /Users/businessboi/Library/Mobile Documents/com~apple~CloudDocs/BUSINESS/Morning Buddy/morning-buddy-landing/tests/e2e/waitlist-signup.spec.ts:81:75

    attachment #1: screenshot (image/png) ──────────────────────────────────────────────────────────
    ../../test-results/waitlist-signup-Waitlist-S-70f12-hould-validate-email-format-chromium/test-failed-1.png
    ────────────────────────────────────────────────────────────────────────────────────────────────

    attachment #2: video (video/webm) ──────────────────────────────────────────────────────────────
    ../../test-results/waitlist-signup-Waitlist-S-70f12-hould-validate-email-format-chromium/video.webm
    ────────────────────────────────────────────────────────────────────────────────────────────────

    Error Context: ../../test-results/waitlist-signup-Waitlist-S-70f12-hould-validate-email-format-chromium/error-context.md
]]>
</failure>
<system-out>
<![CDATA[
[[ATTACHMENT|waitlist-signup-Waitlist-S-70f12-hould-validate-email-format-chromium/test-failed-1.png]]

[[ATTACHMENT|waitlist-signup-Waitlist-S-70f12-hould-validate-email-format-chromium/video.webm]]

[[ATTACHMENT|waitlist-signup-Waitlist-S-70f12-hould-validate-email-format-chromium/error-context.md]]
]]>
</system-out>
</testcase>
<testcase name="Waitlist Signup Flow › should successfully submit valid form" classname="waitlist-signup.spec.ts" time="30.18">
<failure message="waitlist-signup.spec.ts:86:7 should successfully submit valid form" type="FAILURE">
<![CDATA[  [chromium] › waitlist-signup.spec.ts:86:7 › Waitlist Signup Flow › should successfully submit valid form 

    Test timeout of 30000ms exceeded.

    Error: locator.click: Test timeout of 30000ms exceeded.
    Call log:
      - waiting for getByRole('button', { name: /join waiting list/i }).nth(1)


      91 |     await page.getByLabel(/i agree to receive early-access emails/i).check();
      92 |     
    > 93 |     await page.getByRole('button', { name: /join waiting list/i }).nth(1).click();
         |                                                                           ^
      94 |     
      95 |     // Should redirect to thank you page
      96 |     await expect(page).toHaveURL('/thank-you');
        at /Users/businessboi/Library/Mobile Documents/com~apple~CloudDocs/BUSINESS/Morning Buddy/morning-buddy-landing/tests/e2e/waitlist-signup.spec.ts:93:75

    attachment #1: screenshot (image/png) ──────────────────────────────────────────────────────────
    ../../test-results/waitlist-signup-Waitlist-S-3e803-cessfully-submit-valid-form-chromium/test-failed-1.png
    ────────────────────────────────────────────────────────────────────────────────────────────────

    attachment #2: video (video/webm) ──────────────────────────────────────────────────────────────
    ../../test-results/waitlist-signup-Waitlist-S-3e803-cessfully-submit-valid-form-chromium/video.webm
    ────────────────────────────────────────────────────────────────────────────────────────────────

    Error Context: ../../test-results/waitlist-signup-Waitlist-S-3e803-cessfully-submit-valid-form-chromium/error-context.md
]]>
</failure>
<system-out>
<![CDATA[
[[ATTACHMENT|waitlist-signup-Waitlist-S-3e803-cessfully-submit-valid-form-chromium/test-failed-1.png]]

[[ATTACHMENT|waitlist-signup-Waitlist-S-3e803-cessfully-submit-valid-form-chromium/video.webm]]

[[ATTACHMENT|waitlist-signup-Waitlist-S-3e803-cessfully-submit-valid-form-chromium/error-context.md]]
]]>
</system-out>
</testcase>
<testcase name="Waitlist Signup Flow › should show loading state during submission" classname="waitlist-signup.spec.ts" time="30.141">
<failure message="waitlist-signup.spec.ts:100:7 should show loading state during submission" type="FAILURE">
<![CDATA[  [chromium] › waitlist-signup.spec.ts:100:7 › Waitlist Signup Flow › should show loading state during submission 

    Test timeout of 30000ms exceeded.

    Error: locator.click: Test timeout of 30000ms exceeded.
    Call log:
      - waiting for getByRole('button', { name: /join waiting list/i }).nth(1)


      118 |     await page.getByLabel(/i agree to receive early-access emails/i).check();
      119 |     
    > 120 |     await page.getByRole('button', { name: /join waiting list/i }).nth(1).click();
          |                                                                           ^
      121 |     
      122 |     // Should show loading state
      123 |     await expect(page.getByText('Joining...')).toBeVisible();
        at /Users/businessboi/Library/Mobile Documents/com~apple~CloudDocs/BUSINESS/Morning Buddy/morning-buddy-landing/tests/e2e/waitlist-signup.spec.ts:120:75

    attachment #1: screenshot (image/png) ──────────────────────────────────────────────────────────
    ../../test-results/waitlist-signup-Waitlist-S-d5825-ing-state-during-submission-chromium/test-failed-1.png
    ────────────────────────────────────────────────────────────────────────────────────────────────

    attachment #2: video (video/webm) ──────────────────────────────────────────────────────────────
    ../../test-results/waitlist-signup-Waitlist-S-d5825-ing-state-during-submission-chromium/video.webm
    ────────────────────────────────────────────────────────────────────────────────────────────────

    Error Context: ../../test-results/waitlist-signup-Waitlist-S-d5825-ing-state-during-submission-chromium/error-context.md
]]>
</failure>
<system-out>
<![CDATA[
[[ATTACHMENT|waitlist-signup-Waitlist-S-d5825-ing-state-during-submission-chromium/test-failed-1.png]]

[[ATTACHMENT|waitlist-signup-Waitlist-S-d5825-ing-state-during-submission-chromium/video.webm]]

[[ATTACHMENT|waitlist-signup-Waitlist-S-d5825-ing-state-during-submission-chromium/error-context.md]]
]]>
</system-out>
</testcase>
<testcase name="Waitlist Signup Flow › should handle API errors gracefully" classname="waitlist-signup.spec.ts" time="30.144">
<failure message="waitlist-signup.spec.ts:127:7 should handle API errors gracefully" type="FAILURE">
<![CDATA[  [chromium] › waitlist-signup.spec.ts:127:7 › Waitlist Signup Flow › should handle API errors gracefully 

    Test timeout of 30000ms exceeded.

    Error: locator.click: Test timeout of 30000ms exceeded.
    Call log:
      - waiting for getByRole('button', { name: /join waiting list/i }).nth(1)


      143 |     await page.getByLabel(/i agree to receive early-access emails/i).check();
      144 |     
    > 145 |     await page.getByRole('button', { name: /join waiting list/i }).nth(1).click();
          |                                                                           ^
      146 |     
      147 |     // Should show error message
      148 |     await expect(page.getByText(/server error occurred/i)).toBeVisible();
        at /Users/businessboi/Library/Mobile Documents/com~apple~CloudDocs/BUSINESS/Morning Buddy/morning-buddy-landing/tests/e2e/waitlist-signup.spec.ts:145:75

    attachment #1: screenshot (image/png) ──────────────────────────────────────────────────────────
    ../../test-results/waitlist-signup-Waitlist-S-94853-andle-API-errors-gracefully-chromium/test-failed-1.png
    ────────────────────────────────────────────────────────────────────────────────────────────────

    attachment #2: video (video/webm) ──────────────────────────────────────────────────────────────
    ../../test-results/waitlist-signup-Waitlist-S-94853-andle-API-errors-gracefully-chromium/video.webm
    ────────────────────────────────────────────────────────────────────────────────────────────────

    Error Context: ../../test-results/waitlist-signup-Waitlist-S-94853-andle-API-errors-gracefully-chromium/error-context.md
]]>
</failure>
<system-out>
<![CDATA[
[[ATTACHMENT|waitlist-signup-Waitlist-S-94853-andle-API-errors-gracefully-chromium/test-failed-1.png]]

[[ATTACHMENT|waitlist-signup-Waitlist-S-94853-andle-API-errors-gracefully-chromium/video.webm]]

[[ATTACHMENT|waitlist-signup-Waitlist-S-94853-andle-API-errors-gracefully-chromium/error-context.md]]
]]>
</system-out>
</testcase>
<testcase name="Waitlist Signup Flow › should handle duplicate email error" classname="waitlist-signup.spec.ts" time="30.134">
<failure message="waitlist-signup.spec.ts:151:7 should handle duplicate email error" type="FAILURE">
<![CDATA[  [chromium] › waitlist-signup.spec.ts:151:7 › Waitlist Signup Flow › should handle duplicate email error 

    Test timeout of 30000ms exceeded.

    Error: locator.click: Test timeout of 30000ms exceeded.
    Call log:
      - waiting for getByRole('button', { name: /join waiting list/i }).nth(1)


      167 |     await page.getByLabel(/i agree to receive early-access emails/i).check();
      168 |     
    > 169 |     await page.getByRole('button', { name: /join waiting list/i }).nth(1).click();
          |                                                                           ^
      170 |     
      171 |     // Should show duplicate email error
      172 |     await expect(page.getByText(/already registered/i)).toBeVisible();
        at /Users/businessboi/Library/Mobile Documents/com~apple~CloudDocs/BUSINESS/Morning Buddy/morning-buddy-landing/tests/e2e/waitlist-signup.spec.ts:169:75

    attachment #1: screenshot (image/png) ──────────────────────────────────────────────────────────
    ../../test-results/waitlist-signup-Waitlist-S-ba6a9-andle-duplicate-email-error-chromium/test-failed-1.png
    ────────────────────────────────────────────────────────────────────────────────────────────────

    attachment #2: video (video/webm) ──────────────────────────────────────────────────────────────
    ../../test-results/waitlist-signup-Waitlist-S-ba6a9-andle-duplicate-email-error-chromium/video.webm
    ────────────────────────────────────────────────────────────────────────────────────────────────

    Error Context: ../../test-results/waitlist-signup-Waitlist-S-ba6a9-andle-duplicate-email-error-chromium/error-context.md
]]>
</failure>
<system-out>
<![CDATA[
[[ATTACHMENT|waitlist-signup-Waitlist-S-ba6a9-andle-duplicate-email-error-chromium/test-failed-1.png]]

[[ATTACHMENT|waitlist-signup-Waitlist-S-ba6a9-andle-duplicate-email-error-chromium/video.webm]]

[[ATTACHMENT|waitlist-signup-Waitlist-S-ba6a9-andle-duplicate-email-error-chromium/error-context.md]]
]]>
</system-out>
</testcase>
<testcase name="Waitlist Signup Flow › should trap focus within modal" classname="waitlist-signup.spec.ts" time="7.075">
<failure message="waitlist-signup.spec.ts:175:7 should trap focus within modal" type="FAILURE">
<![CDATA[  [chromium] › waitlist-signup.spec.ts:175:7 › Waitlist Signup Flow › should trap focus within modal 

    Error: Timed out 5000ms waiting for expect(locator).toBeFocused()

    Locator: getByLabel(/name \(optional\)/i)
    Expected: focused
    Received: inactive
    Call log:
      - Expect "toBeFocused" with timeout 5000ms
      - waiting for getByLabel(/name \(optional\)/i)
        9 × locator resolved to <input value="" id="name" type="text" data-slot="input" aria-invalid="false" placeholder="Your name" aria-describedby="name-description" class="file:text-foreground placeholder:text-muted-foreground selection:bg-primary selection:text-primary-foreground dark:bg-input/30 border-input flex h-9 w-full min-w-0 rounded-md border bg-transparent px-3 py-1 text-base shadow-xs transition-[color,box-shadow] outline-none file:inline-flex file:h-7 file:border-0 file:bg-transparent file:text-sm file:font-medium d…/>
          - unexpected value "inactive"


      178 |     // Tab through all focusable elements in modal
      179 |     await page.keyboard.press('Tab');
    > 180 |     await expect(page.getByLabel(/name \(optional\)/i)).toBeFocused();
          |                                                         ^
      181 |     
      182 |     await page.keyboard.press('Tab');
      183 |     await expect(page.getByLabel(/email address/i)).toBeFocused();
        at /Users/businessboi/Library/Mobile Documents/com~apple~CloudDocs/BUSINESS/Morning Buddy/morning-buddy-landing/tests/e2e/waitlist-signup.spec.ts:180:57

    attachment #1: screenshot (image/png) ──────────────────────────────────────────────────────────
    ../../test-results/waitlist-signup-Waitlist-S-3d84c-uld-trap-focus-within-modal-chromium/test-failed-1.png
    ────────────────────────────────────────────────────────────────────────────────────────────────

    attachment #2: video (video/webm) ──────────────────────────────────────────────────────────────
    ../../test-results/waitlist-signup-Waitlist-S-3d84c-uld-trap-focus-within-modal-chromium/video.webm
    ────────────────────────────────────────────────────────────────────────────────────────────────

    Error Context: ../../test-results/waitlist-signup-Waitlist-S-3d84c-uld-trap-focus-within-modal-chromium/error-context.md
]]>
</failure>
<system-out>
<![CDATA[
[[ATTACHMENT|waitlist-signup-Waitlist-S-3d84c-uld-trap-focus-within-modal-chromium/test-failed-1.png]]

[[ATTACHMENT|waitlist-signup-Waitlist-S-3d84c-uld-trap-focus-within-modal-chromium/video.webm]]

[[ATTACHMENT|waitlist-signup-Waitlist-S-3d84c-uld-trap-focus-within-modal-chromium/error-context.md]]
]]>
</system-out>
</testcase>
</testsuite>
<testsuite name="landing-page.spec.ts" timestamp="2025-07-25T05:12:41.585Z" hostname="firefox" tests="8" failures="8" skipped="0" time="0.005" errors="0">
<testcase name="Landing Page › should load the landing page successfully" classname="landing-page.spec.ts" time="0">
<failure message="landing-page.spec.ts:8:7 should load the landing page successfully" type="FAILURE">
<![CDATA[  [firefox] › landing-page.spec.ts:8:7 › Landing Page › should load the landing page successfully ──

    Error: browserType.launch: Executable doesn't exist at /Users/businessboi/Library/Caches/ms-playwright/firefox-1489/firefox/Nightly.app/Contents/MacOS/firefox
    ╔═════════════════════════════════════════════════════════════════════════╗
    ║ Looks like Playwright Test or Playwright was just installed or updated. ║
    ║ Please run the following command to download new browsers:              ║
    ║                                                                         ║
    ║     npx playwright install                                              ║
    ║                                                                         ║
    ║ <3 Playwright Team                                                      ║
    ╚═════════════════════════════════════════════════════════════════════════╝
]]>
</failure>
</testcase>
<testcase name="Landing Page › should display hero section with correct content" classname="landing-page.spec.ts" time="0">
<failure message="landing-page.spec.ts:13:7 should display hero section with correct content" type="FAILURE">
<![CDATA[  [firefox] › landing-page.spec.ts:13:7 › Landing Page › should display hero section with correct content 

    Error: browserType.launch: Executable doesn't exist at /Users/businessboi/Library/Caches/ms-playwright/firefox-1489/firefox/Nightly.app/Contents/MacOS/firefox
    ╔═════════════════════════════════════════════════════════════════════════╗
    ║ Looks like Playwright Test or Playwright was just installed or updated. ║
    ║ Please run the following command to download new browsers:              ║
    ║                                                                         ║
    ║     npx playwright install                                              ║
    ║                                                                         ║
    ║ <3 Playwright Team                                                      ║
    ╚═════════════════════════════════════════════════════════════════════════╝
]]>
</failure>
</testcase>
<testcase name="Landing Page › should display &quot;How It Works&quot; section" classname="landing-page.spec.ts" time="0.001">
<failure message="landing-page.spec.ts:19:7 should display &quot;How It Works&quot; section" type="FAILURE">
<![CDATA[  [firefox] › landing-page.spec.ts:19:7 › Landing Page › should display "How It Works" section ─────

    Error: browserType.launch: Executable doesn't exist at /Users/businessboi/Library/Caches/ms-playwright/firefox-1489/firefox/Nightly.app/Contents/MacOS/firefox
    ╔═════════════════════════════════════════════════════════════════════════╗
    ║ Looks like Playwright Test or Playwright was just installed or updated. ║
    ║ Please run the following command to download new browsers:              ║
    ║                                                                         ║
    ║     npx playwright install                                              ║
    ║                                                                         ║
    ║ <3 Playwright Team                                                      ║
    ╚═════════════════════════════════════════════════════════════════════════╝
]]>
</failure>
</testcase>
<testcase name="Landing Page › should display FAQ section" classname="landing-page.spec.ts" time="0.001">
<failure message="landing-page.spec.ts:26:7 should display FAQ section" type="FAILURE">
<![CDATA[  [firefox] › landing-page.spec.ts:26:7 › Landing Page › should display FAQ section ────────────────

    Error: browserType.launch: Executable doesn't exist at /Users/businessboi/Library/Caches/ms-playwright/firefox-1489/firefox/Nightly.app/Contents/MacOS/firefox
    ╔═════════════════════════════════════════════════════════════════════════╗
    ║ Looks like Playwright Test or Playwright was just installed or updated. ║
    ║ Please run the following command to download new browsers:              ║
    ║                                                                         ║
    ║     npx playwright install                                              ║
    ║                                                                         ║
    ║ <3 Playwright Team                                                      ║
    ╚═════════════════════════════════════════════════════════════════════════╝
]]>
</failure>
</testcase>
<testcase name="Landing Page › should display social proof section" classname="landing-page.spec.ts" time="0.001">
<failure message="landing-page.spec.ts:42:7 should display social proof section" type="FAILURE">
<![CDATA[  [firefox] › landing-page.spec.ts:42:7 › Landing Page › should display social proof section ───────

    Error: browserType.launch: Executable doesn't exist at /Users/businessboi/Library/Caches/ms-playwright/firefox-1489/firefox/Nightly.app/Contents/MacOS/firefox
    ╔═════════════════════════════════════════════════════════════════════════╗
    ║ Looks like Playwright Test or Playwright was just installed or updated. ║
    ║ Please run the following command to download new browsers:              ║
    ║                                                                         ║
    ║     npx playwright install                                              ║
    ║                                                                         ║
    ║ <3 Playwright Team                                                      ║
    ╚═════════════════════════════════════════════════════════════════════════╝
]]>
</failure>
</testcase>
<testcase name="Landing Page › should have proper meta tags for SEO" classname="landing-page.spec.ts" time="0">
<failure message="landing-page.spec.ts:47:7 should have proper meta tags for SEO" type="FAILURE">
<![CDATA[  [firefox] › landing-page.spec.ts:47:7 › Landing Page › should have proper meta tags for SEO ──────

    Error: browserType.launch: Executable doesn't exist at /Users/businessboi/Library/Caches/ms-playwright/firefox-1489/firefox/Nightly.app/Contents/MacOS/firefox
    ╔═════════════════════════════════════════════════════════════════════════╗
    ║ Looks like Playwright Test or Playwright was just installed or updated. ║
    ║ Please run the following command to download new browsers:              ║
    ║                                                                         ║
    ║     npx playwright install                                              ║
    ║                                                                         ║
    ║ <3 Playwright Team                                                      ║
    ╚═════════════════════════════════════════════════════════════════════════╝
]]>
</failure>
</testcase>
<testcase name="Landing Page › should be responsive on mobile" classname="landing-page.spec.ts" time="0.001">
<failure message="landing-page.spec.ts:58:7 should be responsive on mobile" type="FAILURE">
<![CDATA[  [firefox] › landing-page.spec.ts:58:7 › Landing Page › should be responsive on mobile ────────────

    Error: browserType.launch: Executable doesn't exist at /Users/businessboi/Library/Caches/ms-playwright/firefox-1489/firefox/Nightly.app/Contents/MacOS/firefox
    ╔═════════════════════════════════════════════════════════════════════════╗
    ║ Looks like Playwright Test or Playwright was just installed or updated. ║
    ║ Please run the following command to download new browsers:              ║
    ║                                                                         ║
    ║     npx playwright install                                              ║
    ║                                                                         ║
    ║ <3 Playwright Team                                                      ║
    ╚═════════════════════════════════════════════════════════════════════════╝
]]>
</failure>
</testcase>
<testcase name="Landing Page › should have accessible navigation" classname="landing-page.spec.ts" time="0.001">
<failure message="landing-page.spec.ts:65:7 should have accessible navigation" type="FAILURE">
<![CDATA[  [firefox] › landing-page.spec.ts:65:7 › Landing Page › should have accessible navigation ─────────

    Error: browserType.launch: Executable doesn't exist at /Users/businessboi/Library/Caches/ms-playwright/firefox-1489/firefox/Nightly.app/Contents/MacOS/firefox
    ╔═════════════════════════════════════════════════════════════════════════╗
    ║ Looks like Playwright Test or Playwright was just installed or updated. ║
    ║ Please run the following command to download new browsers:              ║
    ║                                                                         ║
    ║     npx playwright install                                              ║
    ║                                                                         ║
    ║ <3 Playwright Team                                                      ║
    ╚═════════════════════════════════════════════════════════════════════════╝
]]>
</failure>
</testcase>
</testsuite>
<testsuite name="waitlist-signup.spec.ts" timestamp="2025-07-25T05:12:41.585Z" hostname="firefox" tests="10" failures="10" skipped="0" time="0.008" errors="0">
<testcase name="Waitlist Signup Flow › should open waitlist modal when join button is clicked" classname="waitlist-signup.spec.ts" time="0.001">
<failure message="waitlist-signup.spec.ts:41:7 should open waitlist modal when join button is clicked" type="FAILURE">
<![CDATA[  [firefox] › waitlist-signup.spec.ts:41:7 › Waitlist Signup Flow › should open waitlist modal when join button is clicked 

    Error: browserType.launch: Executable doesn't exist at /Users/businessboi/Library/Caches/ms-playwright/firefox-1489/firefox/Nightly.app/Contents/MacOS/firefox
    ╔═════════════════════════════════════════════════════════════════════════╗
    ║ Looks like Playwright Test or Playwright was just installed or updated. ║
    ║ Please run the following command to download new browsers:              ║
    ║                                                                         ║
    ║     npx playwright install                                              ║
    ║                                                                         ║
    ║ <3 Playwright Team                                                      ║
    ╚═════════════════════════════════════════════════════════════════════════╝
]]>
</failure>
</testcase>
<testcase name="Waitlist Signup Flow › should close modal when cancel button is clicked" classname="waitlist-signup.spec.ts" time="0.001">
<failure message="waitlist-signup.spec.ts:50:7 should close modal when cancel button is clicked" type="FAILURE">
<![CDATA[  [firefox] › waitlist-signup.spec.ts:50:7 › Waitlist Signup Flow › should close modal when cancel button is clicked 

    Error: browserType.launch: Executable doesn't exist at /Users/businessboi/Library/Caches/ms-playwright/firefox-1489/firefox/Nightly.app/Contents/MacOS/firefox
    ╔═════════════════════════════════════════════════════════════════════════╗
    ║ Looks like Playwright Test or Playwright was just installed or updated. ║
    ║ Please run the following command to download new browsers:              ║
    ║                                                                         ║
    ║     npx playwright install                                              ║
    ║                                                                         ║
    ║ <3 Playwright Team                                                      ║
    ╚═════════════════════════════════════════════════════════════════════════╝
]]>
</failure>
</testcase>
<testcase name="Waitlist Signup Flow › should close modal when escape key is pressed" classname="waitlist-signup.spec.ts" time="0.001">
<failure message="waitlist-signup.spec.ts:58:7 should close modal when escape key is pressed" type="FAILURE">
<![CDATA[  [firefox] › waitlist-signup.spec.ts:58:7 › Waitlist Signup Flow › should close modal when escape key is pressed 

    Error: browserType.launch: Executable doesn't exist at /Users/businessboi/Library/Caches/ms-playwright/firefox-1489/firefox/Nightly.app/Contents/MacOS/firefox
    ╔═════════════════════════════════════════════════════════════════════════╗
    ║ Looks like Playwright Test or Playwright was just installed or updated. ║
    ║ Please run the following command to download new browsers:              ║
    ║                                                                         ║
    ║     npx playwright install                                              ║
    ║                                                                         ║
    ║ <3 Playwright Team                                                      ║
    ╚═════════════════════════════════════════════════════════════════════════╝
]]>
</failure>
</testcase>
<testcase name="Waitlist Signup Flow › should validate required fields" classname="waitlist-signup.spec.ts" time="0.001">
<failure message="waitlist-signup.spec.ts:66:7 should validate required fields" type="FAILURE">
<![CDATA[  [firefox] › waitlist-signup.spec.ts:66:7 › Waitlist Signup Flow › should validate required fields 

    Error: browserType.launch: Executable doesn't exist at /Users/businessboi/Library/Caches/ms-playwright/firefox-1489/firefox/Nightly.app/Contents/MacOS/firefox
    ╔═════════════════════════════════════════════════════════════════════════╗
    ║ Looks like Playwright Test or Playwright was just installed or updated. ║
    ║ Please run the following command to download new browsers:              ║
    ║                                                                         ║
    ║     npx playwright install                                              ║
    ║                                                                         ║
    ║ <3 Playwright Team                                                      ║
    ╚═════════════════════════════════════════════════════════════════════════╝
]]>
</failure>
</testcase>
<testcase name="Waitlist Signup Flow › should validate email format" classname="waitlist-signup.spec.ts" time="0">
<failure message="waitlist-signup.spec.ts:76:7 should validate email format" type="FAILURE">
<![CDATA[  [firefox] › waitlist-signup.spec.ts:76:7 › Waitlist Signup Flow › should validate email format ───

    Error: browserType.launch: Executable doesn't exist at /Users/businessboi/Library/Caches/ms-playwright/firefox-1489/firefox/Nightly.app/Contents/MacOS/firefox
    ╔═════════════════════════════════════════════════════════════════════════╗
    ║ Looks like Playwright Test or Playwright was just installed or updated. ║
    ║ Please run the following command to download new browsers:              ║
    ║                                                                         ║
    ║     npx playwright install                                              ║
    ║                                                                         ║
    ║ <3 Playwright Team                                                      ║
    ╚═════════════════════════════════════════════════════════════════════════╝
]]>
</failure>
</testcase>
<testcase name="Waitlist Signup Flow › should successfully submit valid form" classname="waitlist-signup.spec.ts" time="0.001">
<failure message="waitlist-signup.spec.ts:86:7 should successfully submit valid form" type="FAILURE">
<![CDATA[  [firefox] › waitlist-signup.spec.ts:86:7 › Waitlist Signup Flow › should successfully submit valid form 

    Error: browserType.launch: Executable doesn't exist at /Users/businessboi/Library/Caches/ms-playwright/firefox-1489/firefox/Nightly.app/Contents/MacOS/firefox
    ╔═════════════════════════════════════════════════════════════════════════╗
    ║ Looks like Playwright Test or Playwright was just installed or updated. ║
    ║ Please run the following command to download new browsers:              ║
    ║                                                                         ║
    ║     npx playwright install                                              ║
    ║                                                                         ║
    ║ <3 Playwright Team                                                      ║
    ╚═════════════════════════════════════════════════════════════════════════╝
]]>
</failure>
</testcase>
<testcase name="Waitlist Signup Flow › should show loading state during submission" classname="waitlist-signup.spec.ts" time="0.001">
<failure message="waitlist-signup.spec.ts:100:7 should show loading state during submission" type="FAILURE">
<![CDATA[  [firefox] › waitlist-signup.spec.ts:100:7 › Waitlist Signup Flow › should show loading state during submission 

    Error: browserType.launch: Executable doesn't exist at /Users/businessboi/Library/Caches/ms-playwright/firefox-1489/firefox/Nightly.app/Contents/MacOS/firefox
    ╔═════════════════════════════════════════════════════════════════════════╗
    ║ Looks like Playwright Test or Playwright was just installed or updated. ║
    ║ Please run the following command to download new browsers:              ║
    ║                                                                         ║
    ║     npx playwright install                                              ║
    ║                                                                         ║
    ║ <3 Playwright Team                                                      ║
    ╚═════════════════════════════════════════════════════════════════════════╝
]]>
</failure>
</testcase>
<testcase name="Waitlist Signup Flow › should handle API errors gracefully" classname="waitlist-signup.spec.ts" time="0">
<failure message="waitlist-signup.spec.ts:127:7 should handle API errors gracefully" type="FAILURE">
<![CDATA[  [firefox] › waitlist-signup.spec.ts:127:7 › Waitlist Signup Flow › should handle API errors gracefully 

    Error: browserType.launch: Executable doesn't exist at /Users/businessboi/Library/Caches/ms-playwright/firefox-1489/firefox/Nightly.app/Contents/MacOS/firefox
    ╔═════════════════════════════════════════════════════════════════════════╗
    ║ Looks like Playwright Test or Playwright was just installed or updated. ║
    ║ Please run the following command to download new browsers:              ║
    ║                                                                         ║
    ║     npx playwright install                                              ║
    ║                                                                         ║
    ║ <3 Playwright Team                                                      ║
    ╚═════════════════════════════════════════════════════════════════════════╝
]]>
</failure>
</testcase>
<testcase name="Waitlist Signup Flow › should handle duplicate email error" classname="waitlist-signup.spec.ts" time="0.001">
<failure message="waitlist-signup.spec.ts:151:7 should handle duplicate email error" type="FAILURE">
<![CDATA[  [firefox] › waitlist-signup.spec.ts:151:7 › Waitlist Signup Flow › should handle duplicate email error 

    Error: browserType.launch: Executable doesn't exist at /Users/businessboi/Library/Caches/ms-playwright/firefox-1489/firefox/Nightly.app/Contents/MacOS/firefox
    ╔═════════════════════════════════════════════════════════════════════════╗
    ║ Looks like Playwright Test or Playwright was just installed or updated. ║
    ║ Please run the following command to download new browsers:              ║
    ║                                                                         ║
    ║     npx playwright install                                              ║
    ║                                                                         ║
    ║ <3 Playwright Team                                                      ║
    ╚═════════════════════════════════════════════════════════════════════════╝
]]>
</failure>
</testcase>
<testcase name="Waitlist Signup Flow › should trap focus within modal" classname="waitlist-signup.spec.ts" time="0.001">
<failure message="waitlist-signup.spec.ts:175:7 should trap focus within modal" type="FAILURE">
<![CDATA[  [firefox] › waitlist-signup.spec.ts:175:7 › Waitlist Signup Flow › should trap focus within modal 

    Error: browserType.launch: Executable doesn't exist at /Users/businessboi/Library/Caches/ms-playwright/firefox-1489/firefox/Nightly.app/Contents/MacOS/firefox
    ╔═════════════════════════════════════════════════════════════════════════╗
    ║ Looks like Playwright Test or Playwright was just installed or updated. ║
    ║ Please run the following command to download new browsers:              ║
    ║                                                                         ║
    ║     npx playwright install                                              ║
    ║                                                                         ║
    ║ <3 Playwright Team                                                      ║
    ╚═════════════════════════════════════════════════════════════════════════╝
]]>
</failure>
</testcase>
</testsuite>
<testsuite name="landing-page.spec.ts" timestamp="2025-07-25T05:12:41.585Z" hostname="webkit" tests="8" failures="8" skipped="0" time="0.006" errors="0">
<testcase name="Landing Page › should load the landing page successfully" classname="landing-page.spec.ts" time="0.001">
<failure message="landing-page.spec.ts:8:7 should load the landing page successfully" type="FAILURE">
<![CDATA[  [webkit] › landing-page.spec.ts:8:7 › Landing Page › should load the landing page successfully ───

    Error: browserType.launch: Executable doesn't exist at /Users/businessboi/Library/Caches/ms-playwright/webkit-2191/pw_run.sh
    ╔═════════════════════════════════════════════════════════════════════════╗
    ║ Looks like Playwright Test or Playwright was just installed or updated. ║
    ║ Please run the following command to download new browsers:              ║
    ║                                                                         ║
    ║     npx playwright install                                              ║
    ║                                                                         ║
    ║ <3 Playwright Team                                                      ║
    ╚═════════════════════════════════════════════════════════════════════════╝
]]>
</failure>
</testcase>
<testcase name="Landing Page › should display hero section with correct content" classname="landing-page.spec.ts" time="0.001">
<failure message="landing-page.spec.ts:13:7 should display hero section with correct content" type="FAILURE">
<![CDATA[  [webkit] › landing-page.spec.ts:13:7 › Landing Page › should display hero section with correct content 

    Error: browserType.launch: Executable doesn't exist at /Users/businessboi/Library/Caches/ms-playwright/webkit-2191/pw_run.sh
    ╔═════════════════════════════════════════════════════════════════════════╗
    ║ Looks like Playwright Test or Playwright was just installed or updated. ║
    ║ Please run the following command to download new browsers:              ║
    ║                                                                         ║
    ║     npx playwright install                                              ║
    ║                                                                         ║
    ║ <3 Playwright Team                                                      ║
    ╚═════════════════════════════════════════════════════════════════════════╝
]]>
</failure>
</testcase>
<testcase name="Landing Page › should display &quot;How It Works&quot; section" classname="landing-page.spec.ts" time="0">
<failure message="landing-page.spec.ts:19:7 should display &quot;How It Works&quot; section" type="FAILURE">
<![CDATA[  [webkit] › landing-page.spec.ts:19:7 › Landing Page › should display "How It Works" section ──────

    Error: browserType.launch: Executable doesn't exist at /Users/businessboi/Library/Caches/ms-playwright/webkit-2191/pw_run.sh
    ╔═════════════════════════════════════════════════════════════════════════╗
    ║ Looks like Playwright Test or Playwright was just installed or updated. ║
    ║ Please run the following command to download new browsers:              ║
    ║                                                                         ║
    ║     npx playwright install                                              ║
    ║                                                                         ║
    ║ <3 Playwright Team                                                      ║
    ╚═════════════════════════════════════════════════════════════════════════╝
]]>
</failure>
</testcase>
<testcase name="Landing Page › should display FAQ section" classname="landing-page.spec.ts" time="0.001">
<failure message="landing-page.spec.ts:26:7 should display FAQ section" type="FAILURE">
<![CDATA[  [webkit] › landing-page.spec.ts:26:7 › Landing Page › should display FAQ section ─────────────────

    Error: browserType.launch: Executable doesn't exist at /Users/businessboi/Library/Caches/ms-playwright/webkit-2191/pw_run.sh
    ╔═════════════════════════════════════════════════════════════════════════╗
    ║ Looks like Playwright Test or Playwright was just installed or updated. ║
    ║ Please run the following command to download new browsers:              ║
    ║                                                                         ║
    ║     npx playwright install                                              ║
    ║                                                                         ║
    ║ <3 Playwright Team                                                      ║
    ╚═════════════════════════════════════════════════════════════════════════╝
]]>
</failure>
</testcase>
<testcase name="Landing Page › should display social proof section" classname="landing-page.spec.ts" time="0">
<failure message="landing-page.spec.ts:42:7 should display social proof section" type="FAILURE">
<![CDATA[  [webkit] › landing-page.spec.ts:42:7 › Landing Page › should display social proof section ────────

    Error: browserType.launch: Executable doesn't exist at /Users/businessboi/Library/Caches/ms-playwright/webkit-2191/pw_run.sh
    ╔═════════════════════════════════════════════════════════════════════════╗
    ║ Looks like Playwright Test or Playwright was just installed or updated. ║
    ║ Please run the following command to download new browsers:              ║
    ║                                                                         ║
    ║     npx playwright install                                              ║
    ║                                                                         ║
    ║ <3 Playwright Team                                                      ║
    ╚═════════════════════════════════════════════════════════════════════════╝
]]>
</failure>
</testcase>
<testcase name="Landing Page › should have proper meta tags for SEO" classname="landing-page.spec.ts" time="0.001">
<failure message="landing-page.spec.ts:47:7 should have proper meta tags for SEO" type="FAILURE">
<![CDATA[  [webkit] › landing-page.spec.ts:47:7 › Landing Page › should have proper meta tags for SEO ───────

    Error: browserType.launch: Executable doesn't exist at /Users/businessboi/Library/Caches/ms-playwright/webkit-2191/pw_run.sh
    ╔═════════════════════════════════════════════════════════════════════════╗
    ║ Looks like Playwright Test or Playwright was just installed or updated. ║
    ║ Please run the following command to download new browsers:              ║
    ║                                                                         ║
    ║     npx playwright install                                              ║
    ║                                                                         ║
    ║ <3 Playwright Team                                                      ║
    ╚═════════════════════════════════════════════════════════════════════════╝
]]>
</failure>
</testcase>
<testcase name="Landing Page › should be responsive on mobile" classname="landing-page.spec.ts" time="0.001">
<failure message="landing-page.spec.ts:58:7 should be responsive on mobile" type="FAILURE">
<![CDATA[  [webkit] › landing-page.spec.ts:58:7 › Landing Page › should be responsive on mobile ─────────────

    Error: browserType.launch: Executable doesn't exist at /Users/businessboi/Library/Caches/ms-playwright/webkit-2191/pw_run.sh
    ╔═════════════════════════════════════════════════════════════════════════╗
    ║ Looks like Playwright Test or Playwright was just installed or updated. ║
    ║ Please run the following command to download new browsers:              ║
    ║                                                                         ║
    ║     npx playwright install                                              ║
    ║                                                                         ║
    ║ <3 Playwright Team                                                      ║
    ╚═════════════════════════════════════════════════════════════════════════╝
]]>
</failure>
</testcase>
<testcase name="Landing Page › should have accessible navigation" classname="landing-page.spec.ts" time="0.001">
<failure message="landing-page.spec.ts:65:7 should have accessible navigation" type="FAILURE">
<![CDATA[  [webkit] › landing-page.spec.ts:65:7 › Landing Page › should have accessible navigation ──────────

    Error: browserType.launch: Executable doesn't exist at /Users/businessboi/Library/Caches/ms-playwright/webkit-2191/pw_run.sh
    ╔═════════════════════════════════════════════════════════════════════════╗
    ║ Looks like Playwright Test or Playwright was just installed or updated. ║
    ║ Please run the following command to download new browsers:              ║
    ║                                                                         ║
    ║     npx playwright install                                              ║
    ║                                                                         ║
    ║ <3 Playwright Team                                                      ║
    ╚═════════════════════════════════════════════════════════════════════════╝
]]>
</failure>
</testcase>
</testsuite>
<testsuite name="waitlist-signup.spec.ts" timestamp="2025-07-25T05:12:41.585Z" hostname="webkit" tests="10" failures="10" skipped="0" time="0.01" errors="0">
<testcase name="Waitlist Signup Flow › should open waitlist modal when join button is clicked" classname="waitlist-signup.spec.ts" time="0.001">
<failure message="waitlist-signup.spec.ts:41:7 should open waitlist modal when join button is clicked" type="FAILURE">
<![CDATA[  [webkit] › waitlist-signup.spec.ts:41:7 › Waitlist Signup Flow › should open waitlist modal when join button is clicked 

    Error: browserType.launch: Executable doesn't exist at /Users/businessboi/Library/Caches/ms-playwright/webkit-2191/pw_run.sh
    ╔═════════════════════════════════════════════════════════════════════════╗
    ║ Looks like Playwright Test or Playwright was just installed or updated. ║
    ║ Please run the following command to download new browsers:              ║
    ║                                                                         ║
    ║     npx playwright install                                              ║
    ║                                                                         ║
    ║ <3 Playwright Team                                                      ║
    ╚═════════════════════════════════════════════════════════════════════════╝
]]>
</failure>
</testcase>
<testcase name="Waitlist Signup Flow › should close modal when cancel button is clicked" classname="waitlist-signup.spec.ts" time="0.001">
<failure message="waitlist-signup.spec.ts:50:7 should close modal when cancel button is clicked" type="FAILURE">
<![CDATA[  [webkit] › waitlist-signup.spec.ts:50:7 › Waitlist Signup Flow › should close modal when cancel button is clicked 

    Error: browserType.launch: Executable doesn't exist at /Users/businessboi/Library/Caches/ms-playwright/webkit-2191/pw_run.sh
    ╔═════════════════════════════════════════════════════════════════════════╗
    ║ Looks like Playwright Test or Playwright was just installed or updated. ║
    ║ Please run the following command to download new browsers:              ║
    ║                                                                         ║
    ║     npx playwright install                                              ║
    ║                                                                         ║
    ║ <3 Playwright Team                                                      ║
    ╚═════════════════════════════════════════════════════════════════════════╝
]]>
</failure>
</testcase>
<testcase name="Waitlist Signup Flow › should close modal when escape key is pressed" classname="waitlist-signup.spec.ts" time="0.001">
<failure message="waitlist-signup.spec.ts:58:7 should close modal when escape key is pressed" type="FAILURE">
<![CDATA[  [webkit] › waitlist-signup.spec.ts:58:7 › Waitlist Signup Flow › should close modal when escape key is pressed 

    Error: browserType.launch: Executable doesn't exist at /Users/businessboi/Library/Caches/ms-playwright/webkit-2191/pw_run.sh
    ╔═════════════════════════════════════════════════════════════════════════╗
    ║ Looks like Playwright Test or Playwright was just installed or updated. ║
    ║ Please run the following command to download new browsers:              ║
    ║                                                                         ║
    ║     npx playwright install                                              ║
    ║                                                                         ║
    ║ <3 Playwright Team                                                      ║
    ╚═════════════════════════════════════════════════════════════════════════╝
]]>
</failure>
</testcase>
<testcase name="Waitlist Signup Flow › should validate required fields" classname="waitlist-signup.spec.ts" time="0.001">
<failure message="waitlist-signup.spec.ts:66:7 should validate required fields" type="FAILURE">
<![CDATA[  [webkit] › waitlist-signup.spec.ts:66:7 › Waitlist Signup Flow › should validate required fields ─

    Error: browserType.launch: Executable doesn't exist at /Users/businessboi/Library/Caches/ms-playwright/webkit-2191/pw_run.sh
    ╔═════════════════════════════════════════════════════════════════════════╗
    ║ Looks like Playwright Test or Playwright was just installed or updated. ║
    ║ Please run the following command to download new browsers:              ║
    ║                                                                         ║
    ║     npx playwright install                                              ║
    ║                                                                         ║
    ║ <3 Playwright Team                                                      ║
    ╚═════════════════════════════════════════════════════════════════════════╝
]]>
</failure>
</testcase>
<testcase name="Waitlist Signup Flow › should validate email format" classname="waitlist-signup.spec.ts" time="0.001">
<failure message="waitlist-signup.spec.ts:76:7 should validate email format" type="FAILURE">
<![CDATA[  [webkit] › waitlist-signup.spec.ts:76:7 › Waitlist Signup Flow › should validate email format ────

    Error: browserType.launch: Executable doesn't exist at /Users/businessboi/Library/Caches/ms-playwright/webkit-2191/pw_run.sh
    ╔═════════════════════════════════════════════════════════════════════════╗
    ║ Looks like Playwright Test or Playwright was just installed or updated. ║
    ║ Please run the following command to download new browsers:              ║
    ║                                                                         ║
    ║     npx playwright install                                              ║
    ║                                                                         ║
    ║ <3 Playwright Team                                                      ║
    ╚═════════════════════════════════════════════════════════════════════════╝
]]>
</failure>
</testcase>
<testcase name="Waitlist Signup Flow › should successfully submit valid form" classname="waitlist-signup.spec.ts" time="0.001">
<failure message="waitlist-signup.spec.ts:86:7 should successfully submit valid form" type="FAILURE">
<![CDATA[  [webkit] › waitlist-signup.spec.ts:86:7 › Waitlist Signup Flow › should successfully submit valid form 

    Error: browserType.launch: Executable doesn't exist at /Users/businessboi/Library/Caches/ms-playwright/webkit-2191/pw_run.sh
    ╔═════════════════════════════════════════════════════════════════════════╗
    ║ Looks like Playwright Test or Playwright was just installed or updated. ║
    ║ Please run the following command to download new browsers:              ║
    ║                                                                         ║
    ║     npx playwright install                                              ║
    ║                                                                         ║
    ║ <3 Playwright Team                                                      ║
    ╚═════════════════════════════════════════════════════════════════════════╝
]]>
</failure>
</testcase>
<testcase name="Waitlist Signup Flow › should show loading state during submission" classname="waitlist-signup.spec.ts" time="0.001">
<failure message="waitlist-signup.spec.ts:100:7 should show loading state during submission" type="FAILURE">
<![CDATA[  [webkit] › waitlist-signup.spec.ts:100:7 › Waitlist Signup Flow › should show loading state during submission 

    Error: browserType.launch: Executable doesn't exist at /Users/businessboi/Library/Caches/ms-playwright/webkit-2191/pw_run.sh
    ╔═════════════════════════════════════════════════════════════════════════╗
    ║ Looks like Playwright Test or Playwright was just installed or updated. ║
    ║ Please run the following command to download new browsers:              ║
    ║                                                                         ║
    ║     npx playwright install                                              ║
    ║                                                                         ║
    ║ <3 Playwright Team                                                      ║
    ╚═════════════════════════════════════════════════════════════════════════╝
]]>
</failure>
</testcase>
<testcase name="Waitlist Signup Flow › should handle API errors gracefully" classname="waitlist-signup.spec.ts" time="0.001">
<failure message="waitlist-signup.spec.ts:127:7 should handle API errors gracefully" type="FAILURE">
<![CDATA[  [webkit] › waitlist-signup.spec.ts:127:7 › Waitlist Signup Flow › should handle API errors gracefully 

    Error: browserType.launch: Executable doesn't exist at /Users/businessboi/Library/Caches/ms-playwright/webkit-2191/pw_run.sh
    ╔═════════════════════════════════════════════════════════════════════════╗
    ║ Looks like Playwright Test or Playwright was just installed or updated. ║
    ║ Please run the following command to download new browsers:              ║
    ║                                                                         ║
    ║     npx playwright install                                              ║
    ║                                                                         ║
    ║ <3 Playwright Team                                                      ║
    ╚═════════════════════════════════════════════════════════════════════════╝
]]>
</failure>
</testcase>
<testcase name="Waitlist Signup Flow › should handle duplicate email error" classname="waitlist-signup.spec.ts" time="0.001">
<failure message="waitlist-signup.spec.ts:151:7 should handle duplicate email error" type="FAILURE">
<![CDATA[  [webkit] › waitlist-signup.spec.ts:151:7 › Waitlist Signup Flow › should handle duplicate email error 

    Error: browserType.launch: Executable doesn't exist at /Users/businessboi/Library/Caches/ms-playwright/webkit-2191/pw_run.sh
    ╔═════════════════════════════════════════════════════════════════════════╗
    ║ Looks like Playwright Test or Playwright was just installed or updated. ║
    ║ Please run the following command to download new browsers:              ║
    ║                                                                         ║
    ║     npx playwright install                                              ║
    ║                                                                         ║
    ║ <3 Playwright Team                                                      ║
    ╚═════════════════════════════════════════════════════════════════════════╝
]]>
</failure>
</testcase>
<testcase name="Waitlist Signup Flow › should trap focus within modal" classname="waitlist-signup.spec.ts" time="0.001">
<failure message="waitlist-signup.spec.ts:175:7 should trap focus within modal" type="FAILURE">
<![CDATA[  [webkit] › waitlist-signup.spec.ts:175:7 › Waitlist Signup Flow › should trap focus within modal ─

    Error: browserType.launch: Executable doesn't exist at /Users/businessboi/Library/Caches/ms-playwright/webkit-2191/pw_run.sh
    ╔═════════════════════════════════════════════════════════════════════════╗
    ║ Looks like Playwright Test or Playwright was just installed or updated. ║
    ║ Please run the following command to download new browsers:              ║
    ║                                                                         ║
    ║     npx playwright install                                              ║
    ║                                                                         ║
    ║ <3 Playwright Team                                                      ║
    ╚═════════════════════════════════════════════════════════════════════════╝
]]>
</failure>
</testcase>
</testsuite>
<testsuite name="landing-page.spec.ts" timestamp="2025-07-25T05:12:41.585Z" hostname="Mobile Chrome" tests="8" failures="7" skipped="0" time="26.401" errors="0">
<testcase name="Landing Page › should load the landing page successfully" classname="landing-page.spec.ts" time="0.768">
<failure message="landing-page.spec.ts:8:7 should load the landing page successfully" type="FAILURE">
<![CDATA[  [Mobile Chrome] › landing-page.spec.ts:8:7 › Landing Page › should load the landing page successfully 

    Error: expect.toBeVisible: Error: strict mode violation: getByText('Morning Buddy') resolved to 12 elements:
        1) <title>Morning Buddy Sun Logo</title> aka getByRole('link', { name: 'Morning Buddy - Go to homepage' })
        2) <h1 class="text-xl font-bold text-gray-900">Morning Buddy</h1> aka getByRole('link', { name: 'Morning Buddy - Go to homepage' })
        3) <h1 id="hero-heading" class="text-5xl md:text-6xl lg:text-7xl font-bold text-gray-900 leading-tight">…</h1> aka getByLabel('Morning Buddy', { exact: true }).getByRole('heading', { name: 'Morning Buddy' })
        4) <p class="sr-only" id="cta-description">Click to open the waiting list signup form and be…</p> aka getByText('Click to open the waiting')
        5) <p class="text-xl text-gray-600 max-w-2xl mx-auto">Everything you need to know about Morning Buddy a…</p> aka getByText('Everything you need to know')
        6) <h3 class="text-lg md:text-xl font-semibold text-gray-900 pr-4">What exactly is Morning Buddy?</h3> aka getByRole('button', { name: 'What exactly is Morning Buddy' })
        7) <h3 class="text-lg md:text-xl font-semibold text-gray-900 pr-4">When will Morning Buddy be available?</h3> aka getByRole('button', { name: 'When will Morning Buddy be' })
        8) <h3 class="text-lg md:text-xl font-semibold text-gray-900 pr-4">How much will Morning Buddy cost?</h3> aka getByRole('button', { name: 'How much will Morning Buddy' })
        9) <title>Morning Buddy Logo</title> aka getByText('Morning Buddy Logo')
        10) <span class="font-semibold text-gray-900">Morning Buddy</span> aka getByLabel('Site footer').getByText('Morning Buddy', { exact: true })
        ...

    Call log:
      - Expect "toBeVisible" with timeout 5000ms
      - waiting for getByText('Morning Buddy')


       8 |   test('should load the landing page successfully', async ({ page }) => {
       9 |     await expect(page).toHaveTitle(/Morning Buddy/);
    > 10 |     await expect(page.getByText('Morning Buddy')).toBeVisible();
         |                                                   ^
      11 |   });
      12 |
      13 |   test('should display hero section with correct content', async ({ page }) => {
        at /Users/businessboi/Library/Mobile Documents/com~apple~CloudDocs/BUSINESS/Morning Buddy/morning-buddy-landing/tests/e2e/landing-page.spec.ts:10:51

    attachment #1: screenshot (image/png) ──────────────────────────────────────────────────────────
    ../../test-results/landing-page-Landing-Page--f6990-e-landing-page-successfully-Mobile-Chrome/test-failed-1.png
    ────────────────────────────────────────────────────────────────────────────────────────────────

    attachment #2: video (video/webm) ──────────────────────────────────────────────────────────────
    ../../test-results/landing-page-Landing-Page--f6990-e-landing-page-successfully-Mobile-Chrome/video.webm
    ────────────────────────────────────────────────────────────────────────────────────────────────

    Error Context: ../../test-results/landing-page-Landing-Page--f6990-e-landing-page-successfully-Mobile-Chrome/error-context.md
]]>
</failure>
<system-out>
<![CDATA[
[[ATTACHMENT|landing-page-Landing-Page--f6990-e-landing-page-successfully-Mobile-Chrome/test-failed-1.png]]

[[ATTACHMENT|landing-page-Landing-Page--f6990-e-landing-page-successfully-Mobile-Chrome/video.webm]]

[[ATTACHMENT|landing-page-Landing-Page--f6990-e-landing-page-successfully-Mobile-Chrome/error-context.md]]
]]>
</system-out>
</testcase>
<testcase name="Landing Page › should display hero section with correct content" classname="landing-page.spec.ts" time="0.762">
<failure message="landing-page.spec.ts:13:7 should display hero section with correct content" type="FAILURE">
<![CDATA[  [Mobile Chrome] › landing-page.spec.ts:13:7 › Landing Page › should display hero section with correct content 

    Error: expect.toBeVisible: Error: strict mode violation: getByRole('heading', { name: 'Morning Buddy' }) resolved to 5 elements:
        1) <h1 class="text-xl font-bold text-gray-900">Morning Buddy</h1> aka getByRole('link', { name: 'Morning Buddy - Go to homepage' })
        2) <h1 id="hero-heading" class="text-5xl md:text-6xl lg:text-7xl font-bold text-gray-900 leading-tight">…</h1> aka getByLabel('Morning Buddy', { exact: true }).getByRole('heading', { name: 'Morning Buddy' })
        3) <h3 class="text-lg md:text-xl font-semibold text-gray-900 pr-4">What exactly is Morning Buddy?</h3> aka getByRole('button', { name: 'What exactly is Morning Buddy' })
        4) <h3 class="text-lg md:text-xl font-semibold text-gray-900 pr-4">When will Morning Buddy be available?</h3> aka getByRole('button', { name: 'When will Morning Buddy be' })
        5) <h3 class="text-lg md:text-xl font-semibold text-gray-900 pr-4">How much will Morning Buddy cost?</h3> aka getByRole('button', { name: 'How much will Morning Buddy' })

    Call log:
      - Expect "toBeVisible" with timeout 5000ms
      - waiting for getByRole('heading', { name: 'Morning Buddy' })


      12 |
      13 |   test('should display hero section with correct content', async ({ page }) => {
    > 14 |     await expect(page.getByRole('heading', { name: 'Morning Buddy' })).toBeVisible();
         |                                                                        ^
      15 |     await expect(page.getByText(/Get a morning call from an AI buddy instead of a jarring alarm/)).toBeVisible();
      16 |     await expect(page.getByRole('button', { name: /join waiting list/i })).toBeVisible();
      17 |   });
        at /Users/businessboi/Library/Mobile Documents/com~apple~CloudDocs/BUSINESS/Morning Buddy/morning-buddy-landing/tests/e2e/landing-page.spec.ts:14:72

    attachment #1: screenshot (image/png) ──────────────────────────────────────────────────────────
    ../../test-results/landing-page-Landing-Page--94d1b-ection-with-correct-content-Mobile-Chrome/test-failed-1.png
    ────────────────────────────────────────────────────────────────────────────────────────────────

    attachment #2: video (video/webm) ──────────────────────────────────────────────────────────────
    ../../test-results/landing-page-Landing-Page--94d1b-ection-with-correct-content-Mobile-Chrome/video.webm
    ────────────────────────────────────────────────────────────────────────────────────────────────

    Error Context: ../../test-results/landing-page-Landing-Page--94d1b-ection-with-correct-content-Mobile-Chrome/error-context.md
]]>
</failure>
<system-out>
<![CDATA[
[[ATTACHMENT|landing-page-Landing-Page--94d1b-ection-with-correct-content-Mobile-Chrome/test-failed-1.png]]

[[ATTACHMENT|landing-page-Landing-Page--94d1b-ection-with-correct-content-Mobile-Chrome/video.webm]]

[[ATTACHMENT|landing-page-Landing-Page--94d1b-ection-with-correct-content-Mobile-Chrome/error-context.md]]
]]>
</system-out>
</testcase>
<testcase name="Landing Page › should display &quot;How It Works&quot; section" classname="landing-page.spec.ts" time="0.946">
<failure message="landing-page.spec.ts:19:7 should display &quot;How It Works&quot; section" type="FAILURE">
<![CDATA[  [Mobile Chrome] › landing-page.spec.ts:19:7 › Landing Page › should display "How It Works" section 

    Error: expect.toBeVisible: Error: strict mode violation: getByText('How It Works') resolved to 3 elements:
        1) <a href="#how-it-works" aria-label="Learn how Morning Buddy works" class="text-gray-600 hover:text-amber-600 transition-colors focus:outline-none focus:ring-2 focus:ring-amber-500 focus:ring-offset-2 rounded-md px-2 py-1">How it works</a> aka getByLabel('Learn how Morning Buddy works')
        2) <h2 id="how-it-works-heading" class="text-4xl md:text-5xl font-bold text-gray-900 mb-4">…</h2> aka getByRole('heading', { name: 'How It Works' })
        3) <p class="text-xl text-gray-600 max-w-2xl mx-auto">Everything you need to know about Morning Buddy a…</p> aka getByText('Everything you need to know')

    Call log:
      - Expect "toBeVisible" with timeout 5000ms
      - waiting for getByText('How It Works')


      18 |
      19 |   test('should display "How It Works" section', async ({ page }) => {
    > 20 |     await expect(page.getByText('How It Works')).toBeVisible();
         |                                                  ^
      21 |     await expect(page.getByText('Build a Buddy')).toBeVisible();
      22 |     await expect(page.getByText('Set Schedule')).toBeVisible();
      23 |     await expect(page.getByText('Wake Up Happy')).toBeVisible();
        at /Users/businessboi/Library/Mobile Documents/com~apple~CloudDocs/BUSINESS/Morning Buddy/morning-buddy-landing/tests/e2e/landing-page.spec.ts:20:50

    attachment #1: screenshot (image/png) ──────────────────────────────────────────────────────────
    ../../test-results/landing-page-Landing-Page--5fb9b-isplay-How-It-Works-section-Mobile-Chrome/test-failed-1.png
    ────────────────────────────────────────────────────────────────────────────────────────────────

    attachment #2: video (video/webm) ──────────────────────────────────────────────────────────────
    ../../test-results/landing-page-Landing-Page--5fb9b-isplay-How-It-Works-section-Mobile-Chrome/video.webm
    ────────────────────────────────────────────────────────────────────────────────────────────────

    Error Context: ../../test-results/landing-page-Landing-Page--5fb9b-isplay-How-It-Works-section-Mobile-Chrome/error-context.md
]]>
</failure>
<system-out>
<![CDATA[
[[ATTACHMENT|landing-page-Landing-Page--5fb9b-isplay-How-It-Works-section-Mobile-Chrome/test-failed-1.png]]

[[ATTACHMENT|landing-page-Landing-Page--5fb9b-isplay-How-It-Works-section-Mobile-Chrome/video.webm]]

[[ATTACHMENT|landing-page-Landing-Page--5fb9b-isplay-How-It-Works-section-Mobile-Chrome/error-context.md]]
]]>
</system-out>
</testcase>
<testcase name="Landing Page › should display FAQ section" classname="landing-page.spec.ts" time="5.738">
<failure message="landing-page.spec.ts:26:7 should display FAQ section" type="FAILURE">
<![CDATA[  [Mobile Chrome] › landing-page.spec.ts:26:7 › Landing Page › should display FAQ section ──────────

    Error: Timed out 5000ms waiting for expect(locator).toBeVisible()

    Locator: getByText(/What is Morning Buddy/)
    Expected: visible
    Received: <element(s) not found>
    Call log:
      - Expect "toBeVisible" with timeout 5000ms
      - waiting for getByText(/What is Morning Buddy/)


      29 |     // Test FAQ interaction
      30 |     const firstQuestion = page.getByText(/What is Morning Buddy/);
    > 31 |     await expect(firstQuestion).toBeVisible();
         |                                 ^
      32 |     
      33 |     // Click to expand
      34 |     await firstQuestion.click();
        at /Users/businessboi/Library/Mobile Documents/com~apple~CloudDocs/BUSINESS/Morning Buddy/morning-buddy-landing/tests/e2e/landing-page.spec.ts:31:33

    attachment #1: screenshot (image/png) ──────────────────────────────────────────────────────────
    ../../test-results/landing-page-Landing-Page-should-display-FAQ-section-Mobile-Chrome/test-failed-1.png
    ────────────────────────────────────────────────────────────────────────────────────────────────

    attachment #2: video (video/webm) ──────────────────────────────────────────────────────────────
    ../../test-results/landing-page-Landing-Page-should-display-FAQ-section-Mobile-Chrome/video.webm
    ────────────────────────────────────────────────────────────────────────────────────────────────

    Error Context: ../../test-results/landing-page-Landing-Page-should-display-FAQ-section-Mobile-Chrome/error-context.md
]]>
</failure>
<system-out>
<![CDATA[
[[ATTACHMENT|landing-page-Landing-Page-should-display-FAQ-section-Mobile-Chrome/test-failed-1.png]]

[[ATTACHMENT|landing-page-Landing-Page-should-display-FAQ-section-Mobile-Chrome/video.webm]]

[[ATTACHMENT|landing-page-Landing-Page-should-display-FAQ-section-Mobile-Chrome/error-context.md]]
]]>
</system-out>
</testcase>
<testcase name="Landing Page › should display social proof section" classname="landing-page.spec.ts" time="10.71">
<failure message="landing-page.spec.ts:42:7 should display social proof section" type="FAILURE">
<![CDATA[  [Mobile Chrome] › landing-page.spec.ts:42:7 › Landing Page › should display social proof section ─

    Error: Timed out 10000ms waiting for expect(locator).toBeVisible()

    Locator: getByText(/early risers/)
    Expected: visible
    Received: <element(s) not found>
    Call log:
      - Expect "toBeVisible" with timeout 10000ms
      - waiting for getByText(/early risers/)


      42 |   test('should display social proof section', async ({ page }) => {
      43 |     // Wait for the counter to load
    > 44 |     await expect(page.getByText(/early risers/)).toBeVisible({ timeout: 10000 });
         |                                                  ^
      45 |   });
      46 |
      47 |   test('should have proper meta tags for SEO', async ({ page }) => {
        at /Users/businessboi/Library/Mobile Documents/com~apple~CloudDocs/BUSINESS/Morning Buddy/morning-buddy-landing/tests/e2e/landing-page.spec.ts:44:50

    attachment #1: screenshot (image/png) ──────────────────────────────────────────────────────────
    ../../test-results/landing-page-Landing-Page--4696a-isplay-social-proof-section-Mobile-Chrome/test-failed-1.png
    ────────────────────────────────────────────────────────────────────────────────────────────────

    attachment #2: video (video/webm) ──────────────────────────────────────────────────────────────
    ../../test-results/landing-page-Landing-Page--4696a-isplay-social-proof-section-Mobile-Chrome/video.webm
    ────────────────────────────────────────────────────────────────────────────────────────────────

    Error Context: ../../test-results/landing-page-Landing-Page--4696a-isplay-social-proof-section-Mobile-Chrome/error-context.md
]]>
</failure>
<system-out>
<![CDATA[
[[ATTACHMENT|landing-page-Landing-Page--4696a-isplay-social-proof-section-Mobile-Chrome/test-failed-1.png]]

[[ATTACHMENT|landing-page-Landing-Page--4696a-isplay-social-proof-section-Mobile-Chrome/video.webm]]

[[ATTACHMENT|landing-page-Landing-Page--4696a-isplay-social-proof-section-Mobile-Chrome/error-context.md]]
]]>
</system-out>
</testcase>
<testcase name="Landing Page › should have proper meta tags for SEO" classname="landing-page.spec.ts" time="1.015">
</testcase>
<testcase name="Landing Page › should be responsive on mobile" classname="landing-page.spec.ts" time="0.903">
<failure message="landing-page.spec.ts:58:7 should be responsive on mobile" type="FAILURE">
<![CDATA[  [Mobile Chrome] › landing-page.spec.ts:58:7 › Landing Page › should be responsive on mobile ──────

    Error: expect.toBeVisible: Error: strict mode violation: getByRole('heading', { name: 'Morning Buddy' }) resolved to 5 elements:
        1) <h1 class="text-xl font-bold text-gray-900">Morning Buddy</h1> aka getByRole('link', { name: 'Morning Buddy - Go to homepage' })
        2) <h1 id="hero-heading" class="text-5xl md:text-6xl lg:text-7xl font-bold text-gray-900 leading-tight">…</h1> aka getByLabel('Morning Buddy', { exact: true }).getByRole('heading', { name: 'Morning Buddy' })
        3) <h3 class="text-lg md:text-xl font-semibold text-gray-900 pr-4">What exactly is Morning Buddy?</h3> aka getByRole('button', { name: 'What exactly is Morning Buddy' })
        4) <h3 class="text-lg md:text-xl font-semibold text-gray-900 pr-4">When will Morning Buddy be available?</h3> aka getByRole('button', { name: 'When will Morning Buddy be' })
        5) <h3 class="text-lg md:text-xl font-semibold text-gray-900 pr-4">How much will Morning Buddy cost?</h3> aka getByRole('button', { name: 'How much will Morning Buddy' })

    Call log:
      - Expect "toBeVisible" with timeout 5000ms
      - waiting for getByRole('heading', { name: 'Morning Buddy' })


      59 |     await page.setViewportSize({ width: 375, height: 667 });
      60 |     
    > 61 |     await expect(page.getByRole('heading', { name: 'Morning Buddy' })).toBeVisible();
         |                                                                        ^
      62 |     await expect(page.getByRole('button', { name: /join waiting list/i })).toBeVisible();
      63 |   });
      64 |
        at /Users/businessboi/Library/Mobile Documents/com~apple~CloudDocs/BUSINESS/Morning Buddy/morning-buddy-landing/tests/e2e/landing-page.spec.ts:61:72

    attachment #1: screenshot (image/png) ──────────────────────────────────────────────────────────
    ../../test-results/landing-page-Landing-Page-should-be-responsive-on-mobile-Mobile-Chrome/test-failed-1.png
    ────────────────────────────────────────────────────────────────────────────────────────────────

    attachment #2: video (video/webm) ──────────────────────────────────────────────────────────────
    ../../test-results/landing-page-Landing-Page-should-be-responsive-on-mobile-Mobile-Chrome/video.webm
    ────────────────────────────────────────────────────────────────────────────────────────────────

    Error Context: ../../test-results/landing-page-Landing-Page-should-be-responsive-on-mobile-Mobile-Chrome/error-context.md
]]>
</failure>
<system-out>
<![CDATA[
[[ATTACHMENT|landing-page-Landing-Page-should-be-responsive-on-mobile-Mobile-Chrome/test-failed-1.png]]

[[ATTACHMENT|landing-page-Landing-Page-should-be-responsive-on-mobile-Mobile-Chrome/video.webm]]

[[ATTACHMENT|landing-page-Landing-Page-should-be-responsive-on-mobile-Mobile-Chrome/error-context.md]]
]]>
</system-out>
</testcase>
<testcase name="Landing Page › should have accessible navigation" classname="landing-page.spec.ts" time="5.559">
<failure message="landing-page.spec.ts:65:7 should have accessible navigation" type="FAILURE">
<![CDATA[  [Mobile Chrome] › landing-page.spec.ts:65:7 › Landing Page › should have accessible navigation ───

    Error: Timed out 5000ms waiting for expect(locator).toBeFocused()

    Locator: getByRole('button', { name: /join waiting list/i })
    Expected: focused
    Received: inactive
    Call log:
      - Expect "toBeFocused" with timeout 5000ms
      - waiting for getByRole('button', { name: /join waiting list/i })
        9 × locator resolved to <button data-slot="button" aria-disabled="false" aria-describedby="cta-description" class="inline-flex items-center justify-center gap-2 whitespace-nowrap disabled:pointer-events-none disabled:opacity-50 [&_svg]:pointer-events-none [&_svg:not([class*='size-'])]:size-4 shrink-0 [&_svg]:shrink-0 outline-none focus-visible:ring-2 focus-visible:ring-offset-2 focus-visible:ring-amber-500/50 h-12 rounded-md ease-out hover:scale-105 active:scale-95 transform-gpu will-change-transform focus:outline-none focus…>…</button>
          - unexpected value "inactive"


      66 |     // Test keyboard navigation
      67 |     await page.keyboard.press('Tab');
    > 68 |     await expect(page.getByRole('button', { name: /join waiting list/i })).toBeFocused();
         |                                                                            ^
      69 |     
      70 |     // Test that all interactive elements are keyboard accessible
      71 |     const buttons = page.getByRole('button');
        at /Users/businessboi/Library/Mobile Documents/com~apple~CloudDocs/BUSINESS/Morning Buddy/morning-buddy-landing/tests/e2e/landing-page.spec.ts:68:76

    attachment #1: screenshot (image/png) ──────────────────────────────────────────────────────────
    ../../test-results/landing-page-Landing-Page-should-have-accessible-navigation-Mobile-Chrome/test-failed-1.png
    ────────────────────────────────────────────────────────────────────────────────────────────────

    attachment #2: video (video/webm) ──────────────────────────────────────────────────────────────
    ../../test-results/landing-page-Landing-Page-should-have-accessible-navigation-Mobile-Chrome/video.webm
    ────────────────────────────────────────────────────────────────────────────────────────────────

    Error Context: ../../test-results/landing-page-Landing-Page-should-have-accessible-navigation-Mobile-Chrome/error-context.md
]]>
</failure>
<system-out>
<![CDATA[
[[ATTACHMENT|landing-page-Landing-Page-should-have-accessible-navigation-Mobile-Chrome/test-failed-1.png]]

[[ATTACHMENT|landing-page-Landing-Page-should-have-accessible-navigation-Mobile-Chrome/video.webm]]

[[ATTACHMENT|landing-page-Landing-Page-should-have-accessible-navigation-Mobile-Chrome/error-context.md]]
]]>
</system-out>
</testcase>
</testsuite>
<testsuite name="waitlist-signup.spec.ts" timestamp="2025-07-25T05:12:41.585Z" hostname="Mobile Chrome" tests="10" failures="10" skipped="0" time="209.314" errors="0">
<testcase name="Waitlist Signup Flow › should open waitlist modal when join button is clicked" classname="waitlist-signup.spec.ts" time="7.023">
<failure message="waitlist-signup.spec.ts:41:7 should open waitlist modal when join button is clicked" type="FAILURE">
<![CDATA[  [Mobile Chrome] › waitlist-signup.spec.ts:41:7 › Waitlist Signup Flow › should open waitlist modal when join button is clicked 

    Error: Timed out 5000ms waiting for expect(locator).toBeVisible()

    Locator: getByText('Join the Waiting List')
    Expected: visible
    Received: <element(s) not found>
    Call log:
      - Expect "toBeVisible" with timeout 5000ms
      - waiting for getByText('Join the Waiting List')


      42 |     await page.getByRole('button', { name: /join waiting list/i }).click();
      43 |     
    > 44 |     await expect(page.getByText('Join the Waiting List')).toBeVisible();
         |                                                           ^
      45 |     await expect(page.getByLabel(/name \(optional\)/i)).toBeVisible();
      46 |     await expect(page.getByLabel(/email address/i)).toBeVisible();
      47 |     await expect(page.getByLabel(/i agree to receive early-access emails/i)).toBeVisible();
        at /Users/businessboi/Library/Mobile Documents/com~apple~CloudDocs/BUSINESS/Morning Buddy/morning-buddy-landing/tests/e2e/waitlist-signup.spec.ts:44:59

    attachment #1: screenshot (image/png) ──────────────────────────────────────────────────────────
    ../../test-results/waitlist-signup-Waitlist-S-2ffe8-when-join-button-is-clicked-Mobile-Chrome/test-failed-1.png
    ────────────────────────────────────────────────────────────────────────────────────────────────

    attachment #2: video (video/webm) ──────────────────────────────────────────────────────────────
    ../../test-results/waitlist-signup-Waitlist-S-2ffe8-when-join-button-is-clicked-Mobile-Chrome/video.webm
    ────────────────────────────────────────────────────────────────────────────────────────────────

    Error Context: ../../test-results/waitlist-signup-Waitlist-S-2ffe8-when-join-button-is-clicked-Mobile-Chrome/error-context.md
]]>
</failure>
<system-out>
<![CDATA[
[[ATTACHMENT|waitlist-signup-Waitlist-S-2ffe8-when-join-button-is-clicked-Mobile-Chrome/test-failed-1.png]]

[[ATTACHMENT|waitlist-signup-Waitlist-S-2ffe8-when-join-button-is-clicked-Mobile-Chrome/video.webm]]

[[ATTACHMENT|waitlist-signup-Waitlist-S-2ffe8-when-join-button-is-clicked-Mobile-Chrome/error-context.md]]
]]>
</system-out>
</testcase>
<testcase name="Waitlist Signup Flow › should close modal when cancel button is clicked" classname="waitlist-signup.spec.ts" time="7.049">
<failure message="waitlist-signup.spec.ts:50:7 should close modal when cancel button is clicked" type="FAILURE">
<![CDATA[  [Mobile Chrome] › waitlist-signup.spec.ts:50:7 › Waitlist Signup Flow › should close modal when cancel button is clicked 

    Error: Timed out 5000ms waiting for expect(locator).toBeVisible()

    Locator: getByText('Join the Waiting List')
    Expected: visible
    Received: <element(s) not found>
    Call log:
      - Expect "toBeVisible" with timeout 5000ms
      - waiting for getByText('Join the Waiting List')


      50 |   test('should close modal when cancel button is clicked', async ({ page }) => {
      51 |     await page.getByRole('button', { name: /join waiting list/i }).click();
    > 52 |     await expect(page.getByText('Join the Waiting List')).toBeVisible();
         |                                                           ^
      53 |     
      54 |     await page.getByText('Cancel').click();
      55 |     await expect(page.getByText('Join the Waiting List')).not.toBeVisible();
        at /Users/businessboi/Library/Mobile Documents/com~apple~CloudDocs/BUSINESS/Morning Buddy/morning-buddy-landing/tests/e2e/waitlist-signup.spec.ts:52:59

    attachment #1: screenshot (image/png) ──────────────────────────────────────────────────────────
    ../../test-results/waitlist-signup-Waitlist-S-8ac82-en-cancel-button-is-clicked-Mobile-Chrome/test-failed-1.png
    ────────────────────────────────────────────────────────────────────────────────────────────────

    attachment #2: video (video/webm) ──────────────────────────────────────────────────────────────
    ../../test-results/waitlist-signup-Waitlist-S-8ac82-en-cancel-button-is-clicked-Mobile-Chrome/video.webm
    ────────────────────────────────────────────────────────────────────────────────────────────────

    Error Context: ../../test-results/waitlist-signup-Waitlist-S-8ac82-en-cancel-button-is-clicked-Mobile-Chrome/error-context.md
]]>
</failure>
<system-out>
<![CDATA[
[[ATTACHMENT|waitlist-signup-Waitlist-S-8ac82-en-cancel-button-is-clicked-Mobile-Chrome/test-failed-1.png]]

[[ATTACHMENT|waitlist-signup-Waitlist-S-8ac82-en-cancel-button-is-clicked-Mobile-Chrome/video.webm]]

[[ATTACHMENT|waitlist-signup-Waitlist-S-8ac82-en-cancel-button-is-clicked-Mobile-Chrome/error-context.md]]
]]>
</system-out>
</testcase>
<testcase name="Waitlist Signup Flow › should close modal when escape key is pressed" classname="waitlist-signup.spec.ts" time="7.053">
<failure message="waitlist-signup.spec.ts:58:7 should close modal when escape key is pressed" type="FAILURE">
<![CDATA[  [Mobile Chrome] › waitlist-signup.spec.ts:58:7 › Waitlist Signup Flow › should close modal when escape key is pressed 

    Error: Timed out 5000ms waiting for expect(locator).toBeVisible()

    Locator: getByText('Join the Waiting List')
    Expected: visible
    Received: <element(s) not found>
    Call log:
      - Expect "toBeVisible" with timeout 5000ms
      - waiting for getByText('Join the Waiting List')


      58 |   test('should close modal when escape key is pressed', async ({ page }) => {
      59 |     await page.getByRole('button', { name: /join waiting list/i }).click();
    > 60 |     await expect(page.getByText('Join the Waiting List')).toBeVisible();
         |                                                           ^
      61 |     
      62 |     await page.keyboard.press('Escape');
      63 |     await expect(page.getByText('Join the Waiting List')).not.toBeVisible();
        at /Users/businessboi/Library/Mobile Documents/com~apple~CloudDocs/BUSINESS/Morning Buddy/morning-buddy-landing/tests/e2e/waitlist-signup.spec.ts:60:59

    attachment #1: screenshot (image/png) ──────────────────────────────────────────────────────────
    ../../test-results/waitlist-signup-Waitlist-S-47d5b--when-escape-key-is-pressed-Mobile-Chrome/test-failed-1.png
    ────────────────────────────────────────────────────────────────────────────────────────────────

    attachment #2: video (video/webm) ──────────────────────────────────────────────────────────────
    ../../test-results/waitlist-signup-Waitlist-S-47d5b--when-escape-key-is-pressed-Mobile-Chrome/video.webm
    ────────────────────────────────────────────────────────────────────────────────────────────────

    Error Context: ../../test-results/waitlist-signup-Waitlist-S-47d5b--when-escape-key-is-pressed-Mobile-Chrome/error-context.md
]]>
</failure>
<system-out>
<![CDATA[
[[ATTACHMENT|waitlist-signup-Waitlist-S-47d5b--when-escape-key-is-pressed-Mobile-Chrome/test-failed-1.png]]

[[ATTACHMENT|waitlist-signup-Waitlist-S-47d5b--when-escape-key-is-pressed-Mobile-Chrome/video.webm]]

[[ATTACHMENT|waitlist-signup-Waitlist-S-47d5b--when-escape-key-is-pressed-Mobile-Chrome/error-context.md]]
]]>
</system-out>
</testcase>
<testcase name="Waitlist Signup Flow › should validate required fields" classname="waitlist-signup.spec.ts" time="30.22">
<failure message="waitlist-signup.spec.ts:66:7 should validate required fields" type="FAILURE">
<![CDATA[  [Mobile Chrome] › waitlist-signup.spec.ts:66:7 › Waitlist Signup Flow › should validate required fields 

    Test timeout of 30000ms exceeded.

    Error: locator.click: Test timeout of 30000ms exceeded.
    Call log:
      - waiting for getByRole('button', { name: /join waiting list/i }).nth(1)


      68 |     
      69 |     // Try to submit without filling required fields
    > 70 |     await page.getByRole('button', { name: /join waiting list/i }).nth(1).click();
         |                                                                           ^
      71 |     
      72 |     await expect(page.getByText(/email is required/i)).toBeVisible();
      73 |     await expect(page.getByText(/gdpr consent is required/i)).toBeVisible();
        at /Users/businessboi/Library/Mobile Documents/com~apple~CloudDocs/BUSINESS/Morning Buddy/morning-buddy-landing/tests/e2e/waitlist-signup.spec.ts:70:75

    attachment #1: screenshot (image/png) ──────────────────────────────────────────────────────────
    ../../test-results/waitlist-signup-Waitlist-S-3f608-ld-validate-required-fields-Mobile-Chrome/test-failed-1.png
    ────────────────────────────────────────────────────────────────────────────────────────────────

    attachment #2: video (video/webm) ──────────────────────────────────────────────────────────────
    ../../test-results/waitlist-signup-Waitlist-S-3f608-ld-validate-required-fields-Mobile-Chrome/video.webm
    ────────────────────────────────────────────────────────────────────────────────────────────────

    Error Context: ../../test-results/waitlist-signup-Waitlist-S-3f608-ld-validate-required-fields-Mobile-Chrome/error-context.md
]]>
</failure>
<system-out>
<![CDATA[
[[ATTACHMENT|waitlist-signup-Waitlist-S-3f608-ld-validate-required-fields-Mobile-Chrome/test-failed-1.png]]

[[ATTACHMENT|waitlist-signup-Waitlist-S-3f608-ld-validate-required-fields-Mobile-Chrome/video.webm]]

[[ATTACHMENT|waitlist-signup-Waitlist-S-3f608-ld-validate-required-fields-Mobile-Chrome/error-context.md]]
]]>
</system-out>
</testcase>
<testcase name="Waitlist Signup Flow › should validate email format" classname="waitlist-signup.spec.ts" time="30.276">
<failure message="waitlist-signup.spec.ts:76:7 should validate email format" type="FAILURE">
<![CDATA[  [Mobile Chrome] › waitlist-signup.spec.ts:76:7 › Waitlist Signup Flow › should validate email format 

    Test timeout of 30000ms exceeded.

    Error: locator.click: Test timeout of 30000ms exceeded.
    Call log:
      - waiting for getByRole('button', { name: /join waiting list/i }).nth(1)


      79 |     await page.getByLabel(/email address/i).fill('invalid-email');
      80 |     await page.getByLabel(/i agree to receive early-access emails/i).check();
    > 81 |     await page.getByRole('button', { name: /join waiting list/i }).nth(1).click();
         |                                                                           ^
      82 |     
      83 |     await expect(page.getByText(/invalid email address/i)).toBeVisible();
      84 |   });
        at /Users/businessboi/Library/Mobile Documents/com~apple~CloudDocs/BUSINESS/Morning Buddy/morning-buddy-landing/tests/e2e/waitlist-signup.spec.ts:81:75

    attachment #1: screenshot (image/png) ──────────────────────────────────────────────────────────
    ../../test-results/waitlist-signup-Waitlist-S-70f12-hould-validate-email-format-Mobile-Chrome/test-failed-1.png
    ────────────────────────────────────────────────────────────────────────────────────────────────

    attachment #2: video (video/webm) ──────────────────────────────────────────────────────────────
    ../../test-results/waitlist-signup-Waitlist-S-70f12-hould-validate-email-format-Mobile-Chrome/video.webm
    ────────────────────────────────────────────────────────────────────────────────────────────────

    Error Context: ../../test-results/waitlist-signup-Waitlist-S-70f12-hould-validate-email-format-Mobile-Chrome/error-context.md
]]>
</failure>
<system-out>
<![CDATA[
[[ATTACHMENT|waitlist-signup-Waitlist-S-70f12-hould-validate-email-format-Mobile-Chrome/test-failed-1.png]]

[[ATTACHMENT|waitlist-signup-Waitlist-S-70f12-hould-validate-email-format-Mobile-Chrome/video.webm]]

[[ATTACHMENT|waitlist-signup-Waitlist-S-70f12-hould-validate-email-format-Mobile-Chrome/error-context.md]]
]]>
</system-out>
</testcase>
<testcase name="Waitlist Signup Flow › should successfully submit valid form" classname="waitlist-signup.spec.ts" time="30.195">
<failure message="waitlist-signup.spec.ts:86:7 should successfully submit valid form" type="FAILURE">
<![CDATA[  [Mobile Chrome] › waitlist-signup.spec.ts:86:7 › Waitlist Signup Flow › should successfully submit valid form 

    Test timeout of 30000ms exceeded.

    Error: locator.click: Test timeout of 30000ms exceeded.
    Call log:
      - waiting for getByRole('button', { name: /join waiting list/i }).nth(1)


      91 |     await page.getByLabel(/i agree to receive early-access emails/i).check();
      92 |     
    > 93 |     await page.getByRole('button', { name: /join waiting list/i }).nth(1).click();
         |                                                                           ^
      94 |     
      95 |     // Should redirect to thank you page
      96 |     await expect(page).toHaveURL('/thank-you');
        at /Users/businessboi/Library/Mobile Documents/com~apple~CloudDocs/BUSINESS/Morning Buddy/morning-buddy-landing/tests/e2e/waitlist-signup.spec.ts:93:75

    attachment #1: screenshot (image/png) ──────────────────────────────────────────────────────────
    ../../test-results/waitlist-signup-Waitlist-S-3e803-cessfully-submit-valid-form-Mobile-Chrome/test-failed-1.png
    ────────────────────────────────────────────────────────────────────────────────────────────────

    attachment #2: video (video/webm) ──────────────────────────────────────────────────────────────
    ../../test-results/waitlist-signup-Waitlist-S-3e803-cessfully-submit-valid-form-Mobile-Chrome/video.webm
    ────────────────────────────────────────────────────────────────────────────────────────────────

    Error Context: ../../test-results/waitlist-signup-Waitlist-S-3e803-cessfully-submit-valid-form-Mobile-Chrome/error-context.md
]]>
</failure>
<system-out>
<![CDATA[
[[ATTACHMENT|waitlist-signup-Waitlist-S-3e803-cessfully-submit-valid-form-Mobile-Chrome/test-failed-1.png]]

[[ATTACHMENT|waitlist-signup-Waitlist-S-3e803-cessfully-submit-valid-form-Mobile-Chrome/video.webm]]

[[ATTACHMENT|waitlist-signup-Waitlist-S-3e803-cessfully-submit-valid-form-Mobile-Chrome/error-context.md]]
]]>
</system-out>
</testcase>
<testcase name="Waitlist Signup Flow › should show loading state during submission" classname="waitlist-signup.spec.ts" time="30.188">
<failure message="waitlist-signup.spec.ts:100:7 should show loading state during submission" type="FAILURE">
<![CDATA[  [Mobile Chrome] › waitlist-signup.spec.ts:100:7 › Waitlist Signup Flow › should show loading state during submission 

    Test timeout of 30000ms exceeded.

    Error: locator.click: Test timeout of 30000ms exceeded.
    Call log:
      - waiting for getByRole('button', { name: /join waiting list/i }).nth(1)


      118 |     await page.getByLabel(/i agree to receive early-access emails/i).check();
      119 |     
    > 120 |     await page.getByRole('button', { name: /join waiting list/i }).nth(1).click();
          |                                                                           ^
      121 |     
      122 |     // Should show loading state
      123 |     await expect(page.getByText('Joining...')).toBeVisible();
        at /Users/businessboi/Library/Mobile Documents/com~apple~CloudDocs/BUSINESS/Morning Buddy/morning-buddy-landing/tests/e2e/waitlist-signup.spec.ts:120:75

    attachment #1: screenshot (image/png) ──────────────────────────────────────────────────────────
    ../../test-results/waitlist-signup-Waitlist-S-d5825-ing-state-during-submission-Mobile-Chrome/test-failed-1.png
    ────────────────────────────────────────────────────────────────────────────────────────────────

    attachment #2: video (video/webm) ──────────────────────────────────────────────────────────────
    ../../test-results/waitlist-signup-Waitlist-S-d5825-ing-state-during-submission-Mobile-Chrome/video.webm
    ────────────────────────────────────────────────────────────────────────────────────────────────

    Error Context: ../../test-results/waitlist-signup-Waitlist-S-d5825-ing-state-during-submission-Mobile-Chrome/error-context.md
]]>
</failure>
<system-out>
<![CDATA[
[[ATTACHMENT|waitlist-signup-Waitlist-S-d5825-ing-state-during-submission-Mobile-Chrome/test-failed-1.png]]

[[ATTACHMENT|waitlist-signup-Waitlist-S-d5825-ing-state-during-submission-Mobile-Chrome/video.webm]]

[[ATTACHMENT|waitlist-signup-Waitlist-S-d5825-ing-state-during-submission-Mobile-Chrome/error-context.md]]
]]>
</system-out>
</testcase>
<testcase name="Waitlist Signup Flow › should handle API errors gracefully" classname="waitlist-signup.spec.ts" time="30.163">
<failure message="waitlist-signup.spec.ts:127:7 should handle API errors gracefully" type="FAILURE">
<![CDATA[  [Mobile Chrome] › waitlist-signup.spec.ts:127:7 › Waitlist Signup Flow › should handle API errors gracefully 

    Test timeout of 30000ms exceeded.

    Error: locator.click: Test timeout of 30000ms exceeded.
    Call log:
      - waiting for getByRole('button', { name: /join waiting list/i }).nth(1)


      143 |     await page.getByLabel(/i agree to receive early-access emails/i).check();
      144 |     
    > 145 |     await page.getByRole('button', { name: /join waiting list/i }).nth(1).click();
          |                                                                           ^
      146 |     
      147 |     // Should show error message
      148 |     await expect(page.getByText(/server error occurred/i)).toBeVisible();
        at /Users/businessboi/Library/Mobile Documents/com~apple~CloudDocs/BUSINESS/Morning Buddy/morning-buddy-landing/tests/e2e/waitlist-signup.spec.ts:145:75

    attachment #1: screenshot (image/png) ──────────────────────────────────────────────────────────
    ../../test-results/waitlist-signup-Waitlist-S-94853-andle-API-errors-gracefully-Mobile-Chrome/test-failed-1.png
    ────────────────────────────────────────────────────────────────────────────────────────────────

    attachment #2: video (video/webm) ──────────────────────────────────────────────────────────────
    ../../test-results/waitlist-signup-Waitlist-S-94853-andle-API-errors-gracefully-Mobile-Chrome/video.webm
    ────────────────────────────────────────────────────────────────────────────────────────────────

    Error Context: ../../test-results/waitlist-signup-Waitlist-S-94853-andle-API-errors-gracefully-Mobile-Chrome/error-context.md
]]>
</failure>
<system-out>
<![CDATA[
[[ATTACHMENT|waitlist-signup-Waitlist-S-94853-andle-API-errors-gracefully-Mobile-Chrome/test-failed-1.png]]

[[ATTACHMENT|waitlist-signup-Waitlist-S-94853-andle-API-errors-gracefully-Mobile-Chrome/video.webm]]

[[ATTACHMENT|waitlist-signup-Waitlist-S-94853-andle-API-errors-gracefully-Mobile-Chrome/error-context.md]]
]]>
</system-out>
</testcase>
<testcase name="Waitlist Signup Flow › should handle duplicate email error" classname="waitlist-signup.spec.ts" time="30.175">
<failure message="waitlist-signup.spec.ts:151:7 should handle duplicate email error" type="FAILURE">
<![CDATA[  [Mobile Chrome] › waitlist-signup.spec.ts:151:7 › Waitlist Signup Flow › should handle duplicate email error 

    Test timeout of 30000ms exceeded.

    Error: locator.click: Test timeout of 30000ms exceeded.
    Call log:
      - waiting for getByRole('button', { name: /join waiting list/i }).nth(1)


      167 |     await page.getByLabel(/i agree to receive early-access emails/i).check();
      168 |     
    > 169 |     await page.getByRole('button', { name: /join waiting list/i }).nth(1).click();
          |                                                                           ^
      170 |     
      171 |     // Should show duplicate email error
      172 |     await expect(page.getByText(/already registered/i)).toBeVisible();
        at /Users/businessboi/Library/Mobile Documents/com~apple~CloudDocs/BUSINESS/Morning Buddy/morning-buddy-landing/tests/e2e/waitlist-signup.spec.ts:169:75

    attachment #1: screenshot (image/png) ──────────────────────────────────────────────────────────
    ../../test-results/waitlist-signup-Waitlist-S-ba6a9-andle-duplicate-email-error-Mobile-Chrome/test-failed-1.png
    ────────────────────────────────────────────────────────────────────────────────────────────────

    attachment #2: video (video/webm) ──────────────────────────────────────────────────────────────
    ../../test-results/waitlist-signup-Waitlist-S-ba6a9-andle-duplicate-email-error-Mobile-Chrome/video.webm
    ────────────────────────────────────────────────────────────────────────────────────────────────

    Error Context: ../../test-results/waitlist-signup-Waitlist-S-ba6a9-andle-duplicate-email-error-Mobile-Chrome/error-context.md
]]>
</failure>
<system-out>
<![CDATA[
[[ATTACHMENT|waitlist-signup-Waitlist-S-ba6a9-andle-duplicate-email-error-Mobile-Chrome/test-failed-1.png]]

[[ATTACHMENT|waitlist-signup-Waitlist-S-ba6a9-andle-duplicate-email-error-Mobile-Chrome/video.webm]]

[[ATTACHMENT|waitlist-signup-Waitlist-S-ba6a9-andle-duplicate-email-error-Mobile-Chrome/error-context.md]]
]]>
</system-out>
</testcase>
<testcase name="Waitlist Signup Flow › should trap focus within modal" classname="waitlist-signup.spec.ts" time="6.972">
<failure message="waitlist-signup.spec.ts:175:7 should trap focus within modal" type="FAILURE">
<![CDATA[  [Mobile Chrome] › waitlist-signup.spec.ts:175:7 › Waitlist Signup Flow › should trap focus within modal 

    Error: Timed out 5000ms waiting for expect(locator).toBeFocused()

    Locator: getByLabel(/name \(optional\)/i)
    Expected: focused
    Received: inactive
    Call log:
      - Expect "toBeFocused" with timeout 5000ms
      - waiting for getByLabel(/name \(optional\)/i)
        9 × locator resolved to <input value="" id="name" type="text" data-slot="input" aria-invalid="false" placeholder="Your name" aria-describedby="name-description" class="file:text-foreground placeholder:text-muted-foreground selection:bg-primary selection:text-primary-foreground dark:bg-input/30 border-input flex h-9 w-full min-w-0 rounded-md border bg-transparent px-3 py-1 text-base shadow-xs transition-[color,box-shadow] outline-none file:inline-flex file:h-7 file:border-0 file:bg-transparent file:text-sm file:font-medium d…/>
          - unexpected value "inactive"


      178 |     // Tab through all focusable elements in modal
      179 |     await page.keyboard.press('Tab');
    > 180 |     await expect(page.getByLabel(/name \(optional\)/i)).toBeFocused();
          |                                                         ^
      181 |     
      182 |     await page.keyboard.press('Tab');
      183 |     await expect(page.getByLabel(/email address/i)).toBeFocused();
        at /Users/businessboi/Library/Mobile Documents/com~apple~CloudDocs/BUSINESS/Morning Buddy/morning-buddy-landing/tests/e2e/waitlist-signup.spec.ts:180:57

    attachment #1: screenshot (image/png) ──────────────────────────────────────────────────────────
    ../../test-results/waitlist-signup-Waitlist-S-3d84c-uld-trap-focus-within-modal-Mobile-Chrome/test-failed-1.png
    ────────────────────────────────────────────────────────────────────────────────────────────────

    attachment #2: video (video/webm) ──────────────────────────────────────────────────────────────
    ../../test-results/waitlist-signup-Waitlist-S-3d84c-uld-trap-focus-within-modal-Mobile-Chrome/video.webm
    ────────────────────────────────────────────────────────────────────────────────────────────────

    Error Context: ../../test-results/waitlist-signup-Waitlist-S-3d84c-uld-trap-focus-within-modal-Mobile-Chrome/error-context.md
]]>
</failure>
<system-out>
<![CDATA[
[[ATTACHMENT|waitlist-signup-Waitlist-S-3d84c-uld-trap-focus-within-modal-Mobile-Chrome/test-failed-1.png]]

[[ATTACHMENT|waitlist-signup-Waitlist-S-3d84c-uld-trap-focus-within-modal-Mobile-Chrome/video.webm]]

[[ATTACHMENT|waitlist-signup-Waitlist-S-3d84c-uld-trap-focus-within-modal-Mobile-Chrome/error-context.md]]
]]>
</system-out>
</testcase>
</testsuite>
<testsuite name="landing-page.spec.ts" timestamp="2025-07-25T05:12:41.585Z" hostname="Mobile Safari" tests="8" failures="8" skipped="0" time="0.006" errors="0">
<testcase name="Landing Page › should load the landing page successfully" classname="landing-page.spec.ts" time="0.003">
<failure message="landing-page.spec.ts:8:7 should load the landing page successfully" type="FAILURE">
<![CDATA[  [Mobile Safari] › landing-page.spec.ts:8:7 › Landing Page › should load the landing page successfully 

    Error: browserType.launch: Executable doesn't exist at /Users/businessboi/Library/Caches/ms-playwright/webkit-2191/pw_run.sh
    ╔═════════════════════════════════════════════════════════════════════════╗
    ║ Looks like Playwright Test or Playwright was just installed or updated. ║
    ║ Please run the following command to download new browsers:              ║
    ║                                                                         ║
    ║     npx playwright install                                              ║
    ║                                                                         ║
    ║ <3 Playwright Team                                                      ║
    ╚═════════════════════════════════════════════════════════════════════════╝
]]>
</failure>
</testcase>
<testcase name="Landing Page › should display hero section with correct content" classname="landing-page.spec.ts" time="0.001">
<failure message="landing-page.spec.ts:13:7 should display hero section with correct content" type="FAILURE">
<![CDATA[  [Mobile Safari] › landing-page.spec.ts:13:7 › Landing Page › should display hero section with correct content 

    Error: browserType.launch: Executable doesn't exist at /Users/businessboi/Library/Caches/ms-playwright/webkit-2191/pw_run.sh
    ╔═════════════════════════════════════════════════════════════════════════╗
    ║ Looks like Playwright Test or Playwright was just installed or updated. ║
    ║ Please run the following command to download new browsers:              ║
    ║                                                                         ║
    ║     npx playwright install                                              ║
    ║                                                                         ║
    ║ <3 Playwright Team                                                      ║
    ╚═════════════════════════════════════════════════════════════════════════╝
]]>
</failure>
</testcase>
<testcase name="Landing Page › should display &quot;How It Works&quot; section" classname="landing-page.spec.ts" time="0.001">
<failure message="landing-page.spec.ts:19:7 should display &quot;How It Works&quot; section" type="FAILURE">
<![CDATA[  [Mobile Safari] › landing-page.spec.ts:19:7 › Landing Page › should display "How It Works" section 

    Error: browserType.launch: Executable doesn't exist at /Users/businessboi/Library/Caches/ms-playwright/webkit-2191/pw_run.sh
    ╔═════════════════════════════════════════════════════════════════════════╗
    ║ Looks like Playwright Test or Playwright was just installed or updated. ║
    ║ Please run the following command to download new browsers:              ║
    ║                                                                         ║
    ║     npx playwright install                                              ║
    ║                                                                         ║
    ║ <3 Playwright Team                                                      ║
    ╚═════════════════════════════════════════════════════════════════════════╝
]]>
</failure>
</testcase>
<testcase name="Landing Page › should display FAQ section" classname="landing-page.spec.ts" time="0.001">
<failure message="landing-page.spec.ts:26:7 should display FAQ section" type="FAILURE">
<![CDATA[  [Mobile Safari] › landing-page.spec.ts:26:7 › Landing Page › should display FAQ section ──────────

    Error: browserType.launch: Executable doesn't exist at /Users/businessboi/Library/Caches/ms-playwright/webkit-2191/pw_run.sh
    ╔═════════════════════════════════════════════════════════════════════════╗
    ║ Looks like Playwright Test or Playwright was just installed or updated. ║
    ║ Please run the following command to download new browsers:              ║
    ║                                                                         ║
    ║     npx playwright install                                              ║
    ║                                                                         ║
    ║ <3 Playwright Team                                                      ║
    ╚═════════════════════════════════════════════════════════════════════════╝
]]>
</failure>
</testcase>
<testcase name="Landing Page › should display social proof section" classname="landing-page.spec.ts" time="0">
<failure message="landing-page.spec.ts:42:7 should display social proof section" type="FAILURE">
<![CDATA[  [Mobile Safari] › landing-page.spec.ts:42:7 › Landing Page › should display social proof section ─

    Error: browserType.launch: Executable doesn't exist at /Users/businessboi/Library/Caches/ms-playwright/webkit-2191/pw_run.sh
    ╔═════════════════════════════════════════════════════════════════════════╗
    ║ Looks like Playwright Test or Playwright was just installed or updated. ║
    ║ Please run the following command to download new browsers:              ║
    ║                                                                         ║
    ║     npx playwright install                                              ║
    ║                                                                         ║
    ║ <3 Playwright Team                                                      ║
    ╚═════════════════════════════════════════════════════════════════════════╝
]]>
</failure>
</testcase>
<testcase name="Landing Page › should have proper meta tags for SEO" classname="landing-page.spec.ts" time="0">
<failure message="landing-page.spec.ts:47:7 should have proper meta tags for SEO" type="FAILURE">
<![CDATA[  [Mobile Safari] › landing-page.spec.ts:47:7 › Landing Page › should have proper meta tags for SEO 

    Error: browserType.launch: Executable doesn't exist at /Users/businessboi/Library/Caches/ms-playwright/webkit-2191/pw_run.sh
    ╔═════════════════════════════════════════════════════════════════════════╗
    ║ Looks like Playwright Test or Playwright was just installed or updated. ║
    ║ Please run the following command to download new browsers:              ║
    ║                                                                         ║
    ║     npx playwright install                                              ║
    ║                                                                         ║
    ║ <3 Playwright Team                                                      ║
    ╚═════════════════════════════════════════════════════════════════════════╝
]]>
</failure>
</testcase>
<testcase name="Landing Page › should be responsive on mobile" classname="landing-page.spec.ts" time="0">
<failure message="landing-page.spec.ts:58:7 should be responsive on mobile" type="FAILURE">
<![CDATA[  [Mobile Safari] › landing-page.spec.ts:58:7 › Landing Page › should be responsive on mobile ──────

    Error: browserType.launch: Executable doesn't exist at /Users/businessboi/Library/Caches/ms-playwright/webkit-2191/pw_run.sh
    ╔═════════════════════════════════════════════════════════════════════════╗
    ║ Looks like Playwright Test or Playwright was just installed or updated. ║
    ║ Please run the following command to download new browsers:              ║
    ║                                                                         ║
    ║     npx playwright install                                              ║
    ║                                                                         ║
    ║ <3 Playwright Team                                                      ║
    ╚═════════════════════════════════════════════════════════════════════════╝
]]>
</failure>
</testcase>
<testcase name="Landing Page › should have accessible navigation" classname="landing-page.spec.ts" time="0">
<failure message="landing-page.spec.ts:65:7 should have accessible navigation" type="FAILURE">
<![CDATA[  [Mobile Safari] › landing-page.spec.ts:65:7 › Landing Page › should have accessible navigation ───

    Error: browserType.launch: Executable doesn't exist at /Users/businessboi/Library/Caches/ms-playwright/webkit-2191/pw_run.sh
    ╔═════════════════════════════════════════════════════════════════════════╗
    ║ Looks like Playwright Test or Playwright was just installed or updated. ║
    ║ Please run the following command to download new browsers:              ║
    ║                                                                         ║
    ║     npx playwright install                                              ║
    ║                                                                         ║
    ║ <3 Playwright Team                                                      ║
    ╚═════════════════════════════════════════════════════════════════════════╝
]]>
</failure>
</testcase>
</testsuite>
<testsuite name="waitlist-signup.spec.ts" timestamp="2025-07-25T05:12:41.585Z" hostname="Mobile Safari" tests="10" failures="10" skipped="0" time="0.009" errors="0">
<testcase name="Waitlist Signup Flow › should open waitlist modal when join button is clicked" classname="waitlist-signup.spec.ts" time="0.001">
<failure message="waitlist-signup.spec.ts:41:7 should open waitlist modal when join button is clicked" type="FAILURE">
<![CDATA[  [Mobile Safari] › waitlist-signup.spec.ts:41:7 › Waitlist Signup Flow › should open waitlist modal when join button is clicked 

    Error: browserType.launch: Executable doesn't exist at /Users/businessboi/Library/Caches/ms-playwright/webkit-2191/pw_run.sh
    ╔═════════════════════════════════════════════════════════════════════════╗
    ║ Looks like Playwright Test or Playwright was just installed or updated. ║
    ║ Please run the following command to download new browsers:              ║
    ║                                                                         ║
    ║     npx playwright install                                              ║
    ║                                                                         ║
    ║ <3 Playwright Team                                                      ║
    ╚═════════════════════════════════════════════════════════════════════════╝
]]>
</failure>
</testcase>
<testcase name="Waitlist Signup Flow › should close modal when cancel button is clicked" classname="waitlist-signup.spec.ts" time="0.001">
<failure message="waitlist-signup.spec.ts:50:7 should close modal when cancel button is clicked" type="FAILURE">
<![CDATA[  [Mobile Safari] › waitlist-signup.spec.ts:50:7 › Waitlist Signup Flow › should close modal when cancel button is clicked 

    Error: browserType.launch: Executable doesn't exist at /Users/businessboi/Library/Caches/ms-playwright/webkit-2191/pw_run.sh
    ╔═════════════════════════════════════════════════════════════════════════╗
    ║ Looks like Playwright Test or Playwright was just installed or updated. ║
    ║ Please run the following command to download new browsers:              ║
    ║                                                                         ║
    ║     npx playwright install                                              ║
    ║                                                                         ║
    ║ <3 Playwright Team                                                      ║
    ╚═════════════════════════════════════════════════════════════════════════╝
]]>
</failure>
</testcase>
<testcase name="Waitlist Signup Flow › should close modal when escape key is pressed" classname="waitlist-signup.spec.ts" time="0.001">
<failure message="waitlist-signup.spec.ts:58:7 should close modal when escape key is pressed" type="FAILURE">
<![CDATA[  [Mobile Safari] › waitlist-signup.spec.ts:58:7 › Waitlist Signup Flow › should close modal when escape key is pressed 

    Error: browserType.launch: Executable doesn't exist at /Users/businessboi/Library/Caches/ms-playwright/webkit-2191/pw_run.sh
    ╔═════════════════════════════════════════════════════════════════════════╗
    ║ Looks like Playwright Test or Playwright was just installed or updated. ║
    ║ Please run the following command to download new browsers:              ║
    ║                                                                         ║
    ║     npx playwright install                                              ║
    ║                                                                         ║
    ║ <3 Playwright Team                                                      ║
    ╚═════════════════════════════════════════════════════════════════════════╝
]]>
</failure>
</testcase>
<testcase name="Waitlist Signup Flow › should validate required fields" classname="waitlist-signup.spec.ts" time="0.001">
<failure message="waitlist-signup.spec.ts:66:7 should validate required fields" type="FAILURE">
<![CDATA[  [Mobile Safari] › waitlist-signup.spec.ts:66:7 › Waitlist Signup Flow › should validate required fields 

    Error: browserType.launch: Executable doesn't exist at /Users/businessboi/Library/Caches/ms-playwright/webkit-2191/pw_run.sh
    ╔═════════════════════════════════════════════════════════════════════════╗
    ║ Looks like Playwright Test or Playwright was just installed or updated. ║
    ║ Please run the following command to download new browsers:              ║
    ║                                                                         ║
    ║     npx playwright install                                              ║
    ║                                                                         ║
    ║ <3 Playwright Team                                                      ║
    ╚═════════════════════════════════════════════════════════════════════════╝
]]>
</failure>
</testcase>
<testcase name="Waitlist Signup Flow › should validate email format" classname="waitlist-signup.spec.ts" time="0">
<failure message="waitlist-signup.spec.ts:76:7 should validate email format" type="FAILURE">
<![CDATA[  [Mobile Safari] › waitlist-signup.spec.ts:76:7 › Waitlist Signup Flow › should validate email format 

    Error: browserType.launch: Executable doesn't exist at /Users/businessboi/Library/Caches/ms-playwright/webkit-2191/pw_run.sh
    ╔═════════════════════════════════════════════════════════════════════════╗
    ║ Looks like Playwright Test or Playwright was just installed or updated. ║
    ║ Please run the following command to download new browsers:              ║
    ║                                                                         ║
    ║     npx playwright install                                              ║
    ║                                                                         ║
    ║ <3 Playwright Team                                                      ║
    ╚═════════════════════════════════════════════════════════════════════════╝
]]>
</failure>
</testcase>
<testcase name="Waitlist Signup Flow › should successfully submit valid form" classname="waitlist-signup.spec.ts" time="0.001">
<failure message="waitlist-signup.spec.ts:86:7 should successfully submit valid form" type="FAILURE">
<![CDATA[  [Mobile Safari] › waitlist-signup.spec.ts:86:7 › Waitlist Signup Flow › should successfully submit valid form 

    Error: browserType.launch: Executable doesn't exist at /Users/businessboi/Library/Caches/ms-playwright/webkit-2191/pw_run.sh
    ╔═════════════════════════════════════════════════════════════════════════╗
    ║ Looks like Playwright Test or Playwright was just installed or updated. ║
    ║ Please run the following command to download new browsers:              ║
    ║                                                                         ║
    ║     npx playwright install                                              ║
    ║                                                                         ║
    ║ <3 Playwright Team                                                      ║
    ╚═════════════════════════════════════════════════════════════════════════╝
]]>
</failure>
</testcase>
<testcase name="Waitlist Signup Flow › should show loading state during submission" classname="waitlist-signup.spec.ts" time="0">
<failure message="waitlist-signup.spec.ts:100:7 should show loading state during submission" type="FAILURE">
<![CDATA[  [Mobile Safari] › waitlist-signup.spec.ts:100:7 › Waitlist Signup Flow › should show loading state during submission 

    Error: browserType.launch: Executable doesn't exist at /Users/businessboi/Library/Caches/ms-playwright/webkit-2191/pw_run.sh
    ╔═════════════════════════════════════════════════════════════════════════╗
    ║ Looks like Playwright Test or Playwright was just installed or updated. ║
    ║ Please run the following command to download new browsers:              ║
    ║                                                                         ║
    ║     npx playwright install                                              ║
    ║                                                                         ║
    ║ <3 Playwright Team                                                      ║
    ╚═════════════════════════════════════════════════════════════════════════╝
]]>
</failure>
</testcase>
<testcase name="Waitlist Signup Flow › should handle API errors gracefully" classname="waitlist-signup.spec.ts" time="0.003">
<failure message="waitlist-signup.spec.ts:127:7 should handle API errors gracefully" type="FAILURE">
<![CDATA[  [Mobile Safari] › waitlist-signup.spec.ts:127:7 › Waitlist Signup Flow › should handle API errors gracefully 

    Error: browserType.launch: Executable doesn't exist at /Users/businessboi/Library/Caches/ms-playwright/webkit-2191/pw_run.sh
    ╔═════════════════════════════════════════════════════════════════════════╗
    ║ Looks like Playwright Test or Playwright was just installed or updated. ║
    ║ Please run the following command to download new browsers:              ║
    ║                                                                         ║
    ║     npx playwright install                                              ║
    ║                                                                         ║
    ║ <3 Playwright Team                                                      ║
    ╚═════════════════════════════════════════════════════════════════════════╝
]]>
</failure>
</testcase>
<testcase name="Waitlist Signup Flow › should handle duplicate email error" classname="waitlist-signup.spec.ts" time="0.001">
<failure message="waitlist-signup.spec.ts:151:7 should handle duplicate email error" type="FAILURE">
<![CDATA[  [Mobile Safari] › waitlist-signup.spec.ts:151:7 › Waitlist Signup Flow › should handle duplicate email error 

    Error: browserType.launch: Executable doesn't exist at /Users/businessboi/Library/Caches/ms-playwright/webkit-2191/pw_run.sh
    ╔═════════════════════════════════════════════════════════════════════════╗
    ║ Looks like Playwright Test or Playwright was just installed or updated. ║
    ║ Please run the following command to download new browsers:              ║
    ║                                                                         ║
    ║     npx playwright install                                              ║
    ║                                                                         ║
    ║ <3 Playwright Team                                                      ║
    ╚═════════════════════════════════════════════════════════════════════════╝
]]>
</failure>
</testcase>
<testcase name="Waitlist Signup Flow › should trap focus within modal" classname="waitlist-signup.spec.ts" time="0">
<failure message="waitlist-signup.spec.ts:175:7 should trap focus within modal" type="FAILURE">
<![CDATA[  [Mobile Safari] › waitlist-signup.spec.ts:175:7 › Waitlist Signup Flow › should trap focus within modal 

    Error: browserType.launch: Executable doesn't exist at /Users/businessboi/Library/Caches/ms-playwright/webkit-2191/pw_run.sh
    ╔═════════════════════════════════════════════════════════════════════════╗
    ║ Looks like Playwright Test or Playwright was just installed or updated. ║
    ║ Please run the following command to download new browsers:              ║
    ║                                                                         ║
    ║     npx playwright install                                              ║
    ║                                                                         ║
    ║ <3 Playwright Team                                                      ║
    ╚═════════════════════════════════════════════════════════════════════════╝
]]>
</failure>
</testcase>
</testsuite>
</testsuites>